[2017-11-28T09:29:11,579][INFO ][o.e.n.Node               ] [] initializing ...
[2017-11-28T09:29:11,681][INFO ][o.e.e.NodeEnvironment    ] [WuuaeiX] using [1] data paths, mounts [[/ (/dev/disk1s1)]], net usable_space [9.8gb], net total_space [233.5gb], spins? [unknown], types [apfs]
[2017-11-28T09:29:11,682][INFO ][o.e.e.NodeEnvironment    ] [WuuaeiX] heap size [1.7gb], compressed ordinary object pointers [true]
[2017-11-28T09:29:11,703][INFO ][o.e.n.Node               ] node name [WuuaeiX] derived from node ID [WuuaeiX1RimIKqB0gbnf_A]; set [node.name] to override
[2017-11-28T09:29:11,704][INFO ][o.e.n.Node               ] version[5.6.3], pid[12642], build[1a2f265/2017-10-06T20:33:39.012Z], OS[Mac OS X/10.13.1/x86_64], JVM[Oracle Corporation/Java HotSpot(TM) 64-Bit Server VM/1.8.0_112/25.112-b16]
[2017-11-28T09:29:11,704][INFO ][o.e.n.Node               ] JVM arguments [-Des.path.home=/Users/Guida/GitHub/lime/backend/elastic-search]
[2017-11-28T09:29:13,210][INFO ][o.e.p.PluginsService     ] [WuuaeiX] loaded module [aggs-matrix-stats]
[2017-11-28T09:29:13,210][INFO ][o.e.p.PluginsService     ] [WuuaeiX] loaded module [ingest-common]
[2017-11-28T09:29:13,211][INFO ][o.e.p.PluginsService     ] [WuuaeiX] loaded module [lang-expression]
[2017-11-28T09:29:13,211][INFO ][o.e.p.PluginsService     ] [WuuaeiX] loaded module [lang-groovy]
[2017-11-28T09:29:13,211][INFO ][o.e.p.PluginsService     ] [WuuaeiX] loaded module [lang-mustache]
[2017-11-28T09:29:13,212][INFO ][o.e.p.PluginsService     ] [WuuaeiX] loaded module [lang-painless]
[2017-11-28T09:29:13,212][INFO ][o.e.p.PluginsService     ] [WuuaeiX] loaded module [parent-join]
[2017-11-28T09:29:13,212][INFO ][o.e.p.PluginsService     ] [WuuaeiX] loaded module [percolator]
[2017-11-28T09:29:13,212][INFO ][o.e.p.PluginsService     ] [WuuaeiX] loaded module [reindex]
[2017-11-28T09:29:13,213][INFO ][o.e.p.PluginsService     ] [WuuaeiX] loaded module [transport-netty3]
[2017-11-28T09:29:13,213][INFO ][o.e.p.PluginsService     ] [WuuaeiX] loaded module [transport-netty4]
[2017-11-28T09:29:13,214][INFO ][o.e.p.PluginsService     ] [WuuaeiX] no plugins loaded
[2017-11-28T09:29:16,342][INFO ][o.e.d.DiscoveryModule    ] [WuuaeiX] using discovery type [zen]
[2017-11-28T09:29:17,420][INFO ][o.e.n.Node               ] initialized
[2017-11-28T09:29:17,420][INFO ][o.e.n.Node               ] [WuuaeiX] starting ...
[2017-11-28T09:29:17,494][INFO ][i.n.u.i.PlatformDependent] Your platform does not provide complete low-level API for accessing direct buffers reliably. Unless explicitly requested, heap buffer will always be preferred to avoid potential system instability.
[2017-11-28T09:29:17,833][INFO ][o.e.t.TransportService   ] [WuuaeiX] publish_address {127.0.0.1:9300}, bound_addresses {[fe80::1]:9300}, {[::1]:9300}, {127.0.0.1:9300}
[2017-11-28T09:29:17,858][WARN ][o.e.b.BootstrapChecks    ] [WuuaeiX] initial heap size [134217728] not equal to maximum heap size [2147483648]; this can cause resize pauses and prevents mlockall from locking the entire heap
[2017-11-28T09:29:20,938][INFO ][o.e.c.s.ClusterService   ] [WuuaeiX] new_master {WuuaeiX}{WuuaeiX1RimIKqB0gbnf_A}{Y_K2LX0VTWGLBLTyunnG5g}{127.0.0.1}{127.0.0.1:9300}, reason: zen-disco-elected-as-master ([0] nodes joined)
[2017-11-28T09:29:20,983][INFO ][o.e.h.n.Netty4HttpServerTransport] [WuuaeiX] publish_address {127.0.0.1:9200}, bound_addresses {[fe80::1]:9200}, {[::1]:9200}, {127.0.0.1:9200}
[2017-11-28T09:29:20,987][INFO ][o.e.n.Node               ] [WuuaeiX] started
[2017-11-28T09:29:21,262][INFO ][o.e.g.GatewayService     ] [WuuaeiX] recovered [1] indices into cluster_state
[2017-11-28T09:29:22,001][INFO ][o.e.c.r.a.AllocationService] [WuuaeiX] Cluster health status changed from [RED] to [YELLOW] (reason: [shards started [[locations][3]] ...]).
[2017-11-28T09:29:51,133][WARN ][o.e.c.r.a.DiskThresholdMonitor] [WuuaeiX] high disk watermark [90%] exceeded on [WuuaeiX1RimIKqB0gbnf_A][WuuaeiX][/Users/Guida/GitHub/lime/backend/elastic-search/data/nodes/0] free: 9.8gb[4.2%], shards will be relocated away from this node
[2017-11-28T09:29:51,139][INFO ][o.e.c.r.a.DiskThresholdMonitor] [WuuaeiX] rerouting shards: [high disk watermark exceeded on one or more nodes]
[2017-11-28T09:30:21,201][WARN ][o.e.c.r.a.DiskThresholdMonitor] [WuuaeiX] high disk watermark [90%] exceeded on [WuuaeiX1RimIKqB0gbnf_A][WuuaeiX][/Users/Guida/GitHub/lime/backend/elastic-search/data/nodes/0] free: 9.8gb[4.2%], shards will be relocated away from this node
[2017-11-28T09:30:51,218][WARN ][o.e.c.r.a.DiskThresholdMonitor] [WuuaeiX] high disk watermark [90%] exceeded on [WuuaeiX1RimIKqB0gbnf_A][WuuaeiX][/Users/Guida/GitHub/lime/backend/elastic-search/data/nodes/0] free: 9.7gb[4.1%], shards will be relocated away from this node
[2017-11-28T09:30:51,218][INFO ][o.e.c.r.a.DiskThresholdMonitor] [WuuaeiX] rerouting shards: [high disk watermark exceeded on one or more nodes]
[2017-11-28T09:31:21,244][WARN ][o.e.c.r.a.DiskThresholdMonitor] [WuuaeiX] high disk watermark [90%] exceeded on [WuuaeiX1RimIKqB0gbnf_A][WuuaeiX][/Users/Guida/GitHub/lime/backend/elastic-search/data/nodes/0] free: 9.7gb[4.1%], shards will be relocated away from this node
[2017-11-28T09:31:51,274][WARN ][o.e.c.r.a.DiskThresholdMonitor] [WuuaeiX] high disk watermark [90%] exceeded on [WuuaeiX1RimIKqB0gbnf_A][WuuaeiX][/Users/Guida/GitHub/lime/backend/elastic-search/data/nodes/0] free: 9.7gb[4.1%], shards will be relocated away from this node
[2017-11-28T09:31:51,275][INFO ][o.e.c.r.a.DiskThresholdMonitor] [WuuaeiX] rerouting shards: [high disk watermark exceeded on one or more nodes]
[2017-11-28T09:32:21,299][WARN ][o.e.c.r.a.DiskThresholdMonitor] [WuuaeiX] high disk watermark [90%] exceeded on [WuuaeiX1RimIKqB0gbnf_A][WuuaeiX][/Users/Guida/GitHub/lime/backend/elastic-search/data/nodes/0] free: 9.7gb[4.1%], shards will be relocated away from this node
[2017-11-28T09:32:51,331][WARN ][o.e.c.r.a.DiskThresholdMonitor] [WuuaeiX] high disk watermark [90%] exceeded on [WuuaeiX1RimIKqB0gbnf_A][WuuaeiX][/Users/Guida/GitHub/lime/backend/elastic-search/data/nodes/0] free: 9.7gb[4.1%], shards will be relocated away from this node
[2017-11-28T09:32:51,332][INFO ][o.e.c.r.a.DiskThresholdMonitor] [WuuaeiX] rerouting shards: [high disk watermark exceeded on one or more nodes]
[2017-11-28T09:33:21,348][WARN ][o.e.c.r.a.DiskThresholdMonitor] [WuuaeiX] high disk watermark [90%] exceeded on [WuuaeiX1RimIKqB0gbnf_A][WuuaeiX][/Users/Guida/GitHub/lime/backend/elastic-search/data/nodes/0] free: 9.7gb[4.1%], shards will be relocated away from this node
[2017-11-28T09:33:51,364][WARN ][o.e.c.r.a.DiskThresholdMonitor] [WuuaeiX] high disk watermark [90%] exceeded on [WuuaeiX1RimIKqB0gbnf_A][WuuaeiX][/Users/Guida/GitHub/lime/backend/elastic-search/data/nodes/0] free: 9.7gb[4.1%], shards will be relocated away from this node
[2017-11-28T09:33:51,364][INFO ][o.e.c.r.a.DiskThresholdMonitor] [WuuaeiX] rerouting shards: [high disk watermark exceeded on one or more nodes]
[2017-11-28T09:34:21,389][WARN ][o.e.c.r.a.DiskThresholdMonitor] [WuuaeiX] high disk watermark [90%] exceeded on [WuuaeiX1RimIKqB0gbnf_A][WuuaeiX][/Users/Guida/GitHub/lime/backend/elastic-search/data/nodes/0] free: 9.7gb[4.1%], shards will be relocated away from this node
[2017-11-28T09:34:51,407][WARN ][o.e.c.r.a.DiskThresholdMonitor] [WuuaeiX] high disk watermark [90%] exceeded on [WuuaeiX1RimIKqB0gbnf_A][WuuaeiX][/Users/Guida/GitHub/lime/backend/elastic-search/data/nodes/0] free: 9.7gb[4.1%], shards will be relocated away from this node
[2017-11-28T09:34:51,408][INFO ][o.e.c.r.a.DiskThresholdMonitor] [WuuaeiX] rerouting shards: [high disk watermark exceeded on one or more nodes]
[2017-11-28T09:35:21,426][WARN ][o.e.c.r.a.DiskThresholdMonitor] [WuuaeiX] high disk watermark [90%] exceeded on [WuuaeiX1RimIKqB0gbnf_A][WuuaeiX][/Users/Guida/GitHub/lime/backend/elastic-search/data/nodes/0] free: 9.7gb[4.1%], shards will be relocated away from this node
[2017-11-28T09:35:51,442][WARN ][o.e.c.r.a.DiskThresholdMonitor] [WuuaeiX] high disk watermark [90%] exceeded on [WuuaeiX1RimIKqB0gbnf_A][WuuaeiX][/Users/Guida/GitHub/lime/backend/elastic-search/data/nodes/0] free: 9.7gb[4.1%], shards will be relocated away from this node
[2017-11-28T09:35:51,444][INFO ][o.e.c.r.a.DiskThresholdMonitor] [WuuaeiX] rerouting shards: [high disk watermark exceeded on one or more nodes]
[2017-11-28T09:36:21,502][WARN ][o.e.c.r.a.DiskThresholdMonitor] [WuuaeiX] high disk watermark [90%] exceeded on [WuuaeiX1RimIKqB0gbnf_A][WuuaeiX][/Users/Guida/GitHub/lime/backend/elastic-search/data/nodes/0] free: 9.7gb[4.1%], shards will be relocated away from this node
[2017-11-28T09:36:51,552][WARN ][o.e.c.r.a.DiskThresholdMonitor] [WuuaeiX] high disk watermark [90%] exceeded on [WuuaeiX1RimIKqB0gbnf_A][WuuaeiX][/Users/Guida/GitHub/lime/backend/elastic-search/data/nodes/0] free: 9.7gb[4.1%], shards will be relocated away from this node
[2017-11-28T09:36:51,556][INFO ][o.e.c.r.a.DiskThresholdMonitor] [WuuaeiX] rerouting shards: [high disk watermark exceeded on one or more nodes]
[2017-11-28T09:37:21,571][WARN ][o.e.c.r.a.DiskThresholdMonitor] [WuuaeiX] high disk watermark [90%] exceeded on [WuuaeiX1RimIKqB0gbnf_A][WuuaeiX][/Users/Guida/GitHub/lime/backend/elastic-search/data/nodes/0] free: 9.7gb[4.1%], shards will be relocated away from this node
[2017-11-28T09:37:51,587][WARN ][o.e.c.r.a.DiskThresholdMonitor] [WuuaeiX] high disk watermark [90%] exceeded on [WuuaeiX1RimIKqB0gbnf_A][WuuaeiX][/Users/Guida/GitHub/lime/backend/elastic-search/data/nodes/0] free: 9.6gb[4.1%], shards will be relocated away from this node
[2017-11-28T09:37:51,588][INFO ][o.e.c.r.a.DiskThresholdMonitor] [WuuaeiX] rerouting shards: [high disk watermark exceeded on one or more nodes]
[2017-11-28T09:38:21,613][WARN ][o.e.c.r.a.DiskThresholdMonitor] [WuuaeiX] high disk watermark [90%] exceeded on [WuuaeiX1RimIKqB0gbnf_A][WuuaeiX][/Users/Guida/GitHub/lime/backend/elastic-search/data/nodes/0] free: 9.6gb[4.1%], shards will be relocated away from this node
[2017-11-28T09:38:51,634][WARN ][o.e.c.r.a.DiskThresholdMonitor] [WuuaeiX] high disk watermark [90%] exceeded on [WuuaeiX1RimIKqB0gbnf_A][WuuaeiX][/Users/Guida/GitHub/lime/backend/elastic-search/data/nodes/0] free: 9.6gb[4.1%], shards will be relocated away from this node
[2017-11-28T09:38:51,634][INFO ][o.e.c.r.a.DiskThresholdMonitor] [WuuaeiX] rerouting shards: [high disk watermark exceeded on one or more nodes]
[2017-11-28T09:39:21,650][WARN ][o.e.c.r.a.DiskThresholdMonitor] [WuuaeiX] high disk watermark [90%] exceeded on [WuuaeiX1RimIKqB0gbnf_A][WuuaeiX][/Users/Guida/GitHub/lime/backend/elastic-search/data/nodes/0] free: 9.6gb[4.1%], shards will be relocated away from this node
[2017-11-28T09:39:51,665][WARN ][o.e.c.r.a.DiskThresholdMonitor] [WuuaeiX] high disk watermark [90%] exceeded on [WuuaeiX1RimIKqB0gbnf_A][WuuaeiX][/Users/Guida/GitHub/lime/backend/elastic-search/data/nodes/0] free: 9.6gb[4.1%], shards will be relocated away from this node
[2017-11-28T09:39:51,666][INFO ][o.e.c.r.a.DiskThresholdMonitor] [WuuaeiX] rerouting shards: [high disk watermark exceeded on one or more nodes]
[2017-11-28T09:40:21,707][WARN ][o.e.c.r.a.DiskThresholdMonitor] [WuuaeiX] high disk watermark [90%] exceeded on [WuuaeiX1RimIKqB0gbnf_A][WuuaeiX][/Users/Guida/GitHub/lime/backend/elastic-search/data/nodes/0] free: 9.6gb[4.1%], shards will be relocated away from this node
[2017-11-28T09:40:51,727][WARN ][o.e.c.r.a.DiskThresholdMonitor] [WuuaeiX] high disk watermark [90%] exceeded on [WuuaeiX1RimIKqB0gbnf_A][WuuaeiX][/Users/Guida/GitHub/lime/backend/elastic-search/data/nodes/0] free: 9.6gb[4.1%], shards will be relocated away from this node
[2017-11-28T09:40:51,729][INFO ][o.e.c.r.a.DiskThresholdMonitor] [WuuaeiX] rerouting shards: [high disk watermark exceeded on one or more nodes]
[2017-11-28T09:41:21,751][WARN ][o.e.c.r.a.DiskThresholdMonitor] [WuuaeiX] high disk watermark [90%] exceeded on [WuuaeiX1RimIKqB0gbnf_A][WuuaeiX][/Users/Guida/GitHub/lime/backend/elastic-search/data/nodes/0] free: 9.6gb[4.1%], shards will be relocated away from this node
[2017-11-28T09:41:51,768][WARN ][o.e.c.r.a.DiskThresholdMonitor] [WuuaeiX] high disk watermark [90%] exceeded on [WuuaeiX1RimIKqB0gbnf_A][WuuaeiX][/Users/Guida/GitHub/lime/backend/elastic-search/data/nodes/0] free: 9.6gb[4.1%], shards will be relocated away from this node
[2017-11-28T09:41:51,771][INFO ][o.e.c.r.a.DiskThresholdMonitor] [WuuaeiX] rerouting shards: [high disk watermark exceeded on one or more nodes]
[2017-11-28T09:42:21,802][WARN ][o.e.c.r.a.DiskThresholdMonitor] [WuuaeiX] high disk watermark [90%] exceeded on [WuuaeiX1RimIKqB0gbnf_A][WuuaeiX][/Users/Guida/GitHub/lime/backend/elastic-search/data/nodes/0] free: 9.6gb[4.1%], shards will be relocated away from this node
[2017-11-28T09:42:51,814][WARN ][o.e.c.r.a.DiskThresholdMonitor] [WuuaeiX] high disk watermark [90%] exceeded on [WuuaeiX1RimIKqB0gbnf_A][WuuaeiX][/Users/Guida/GitHub/lime/backend/elastic-search/data/nodes/0] free: 9.4gb[4%], shards will be relocated away from this node
[2017-11-28T09:42:51,816][INFO ][o.e.c.r.a.DiskThresholdMonitor] [WuuaeiX] rerouting shards: [high disk watermark exceeded on one or more nodes]
[2017-11-28T09:43:21,828][WARN ][o.e.c.r.a.DiskThresholdMonitor] [WuuaeiX] high disk watermark [90%] exceeded on [WuuaeiX1RimIKqB0gbnf_A][WuuaeiX][/Users/Guida/GitHub/lime/backend/elastic-search/data/nodes/0] free: 9.6gb[4.1%], shards will be relocated away from this node
[2017-11-28T09:43:51,857][WARN ][o.e.c.r.a.DiskThresholdMonitor] [WuuaeiX] high disk watermark [90%] exceeded on [WuuaeiX1RimIKqB0gbnf_A][WuuaeiX][/Users/Guida/GitHub/lime/backend/elastic-search/data/nodes/0] free: 9.6gb[4.1%], shards will be relocated away from this node
[2017-11-28T09:43:51,858][INFO ][o.e.c.r.a.DiskThresholdMonitor] [WuuaeiX] rerouting shards: [high disk watermark exceeded on one or more nodes]
[2017-11-28T09:44:16,756][WARN ][o.e.m.j.JvmGcMonitorService] [WuuaeiX] [gc][896] overhead, spent [902ms] collecting in the last [1.2s]
[2017-11-28T09:44:21,878][WARN ][o.e.c.r.a.DiskThresholdMonitor] [WuuaeiX] high disk watermark [90%] exceeded on [WuuaeiX1RimIKqB0gbnf_A][WuuaeiX][/Users/Guida/GitHub/lime/backend/elastic-search/data/nodes/0] free: 9.6gb[4.1%], shards will be relocated away from this node
[2017-11-28T09:44:51,911][WARN ][o.e.c.r.a.DiskThresholdMonitor] [WuuaeiX] high disk watermark [90%] exceeded on [WuuaeiX1RimIKqB0gbnf_A][WuuaeiX][/Users/Guida/GitHub/lime/backend/elastic-search/data/nodes/0] free: 9.6gb[4.1%], shards will be relocated away from this node
[2017-11-28T09:44:51,911][INFO ][o.e.c.r.a.DiskThresholdMonitor] [WuuaeiX] rerouting shards: [high disk watermark exceeded on one or more nodes]
[2017-11-28T09:45:21,930][WARN ][o.e.c.r.a.DiskThresholdMonitor] [WuuaeiX] high disk watermark [90%] exceeded on [WuuaeiX1RimIKqB0gbnf_A][WuuaeiX][/Users/Guida/GitHub/lime/backend/elastic-search/data/nodes/0] free: 9.6gb[4.1%], shards will be relocated away from this node
[2017-11-28T09:45:51,945][WARN ][o.e.c.r.a.DiskThresholdMonitor] [WuuaeiX] high disk watermark [90%] exceeded on [WuuaeiX1RimIKqB0gbnf_A][WuuaeiX][/Users/Guida/GitHub/lime/backend/elastic-search/data/nodes/0] free: 9.6gb[4.1%], shards will be relocated away from this node
[2017-11-28T09:45:51,945][INFO ][o.e.c.r.a.DiskThresholdMonitor] [WuuaeiX] rerouting shards: [high disk watermark exceeded on one or more nodes]
[2017-11-28T09:46:22,031][WARN ][o.e.c.r.a.DiskThresholdMonitor] [WuuaeiX] high disk watermark [90%] exceeded on [WuuaeiX1RimIKqB0gbnf_A][WuuaeiX][/Users/Guida/GitHub/lime/backend/elastic-search/data/nodes/0] free: 9.6gb[4.1%], shards will be relocated away from this node
[2017-11-28T09:46:52,057][WARN ][o.e.c.r.a.DiskThresholdMonitor] [WuuaeiX] high disk watermark [90%] exceeded on [WuuaeiX1RimIKqB0gbnf_A][WuuaeiX][/Users/Guida/GitHub/lime/backend/elastic-search/data/nodes/0] free: 9.6gb[4.1%], shards will be relocated away from this node
[2017-11-28T09:46:52,057][INFO ][o.e.c.r.a.DiskThresholdMonitor] [WuuaeiX] rerouting shards: [high disk watermark exceeded on one or more nodes]
[2017-11-28T09:47:22,077][WARN ][o.e.c.r.a.DiskThresholdMonitor] [WuuaeiX] high disk watermark [90%] exceeded on [WuuaeiX1RimIKqB0gbnf_A][WuuaeiX][/Users/Guida/GitHub/lime/backend/elastic-search/data/nodes/0] free: 9.6gb[4.1%], shards will be relocated away from this node
[2017-11-28T09:47:52,098][WARN ][o.e.c.r.a.DiskThresholdMonitor] [WuuaeiX] high disk watermark [90%] exceeded on [WuuaeiX1RimIKqB0gbnf_A][WuuaeiX][/Users/Guida/GitHub/lime/backend/elastic-search/data/nodes/0] free: 9.6gb[4.1%], shards will be relocated away from this node
[2017-11-28T09:47:52,099][INFO ][o.e.c.r.a.DiskThresholdMonitor] [WuuaeiX] rerouting shards: [high disk watermark exceeded on one or more nodes]
[2017-11-28T09:48:22,119][WARN ][o.e.c.r.a.DiskThresholdMonitor] [WuuaeiX] high disk watermark [90%] exceeded on [WuuaeiX1RimIKqB0gbnf_A][WuuaeiX][/Users/Guida/GitHub/lime/backend/elastic-search/data/nodes/0] free: 9.6gb[4.1%], shards will be relocated away from this node
[2017-11-28T09:48:52,147][WARN ][o.e.c.r.a.DiskThresholdMonitor] [WuuaeiX] high disk watermark [90%] exceeded on [WuuaeiX1RimIKqB0gbnf_A][WuuaeiX][/Users/Guida/GitHub/lime/backend/elastic-search/data/nodes/0] free: 9.6gb[4.1%], shards will be relocated away from this node
[2017-11-28T09:48:52,148][INFO ][o.e.c.r.a.DiskThresholdMonitor] [WuuaeiX] rerouting shards: [high disk watermark exceeded on one or more nodes]
[2017-11-28T09:49:22,251][WARN ][o.e.c.r.a.DiskThresholdMonitor] [WuuaeiX] high disk watermark [90%] exceeded on [WuuaeiX1RimIKqB0gbnf_A][WuuaeiX][/Users/Guida/GitHub/lime/backend/elastic-search/data/nodes/0] free: 9.6gb[4.1%], shards will be relocated away from this node
[2017-11-28T09:49:52,272][WARN ][o.e.c.r.a.DiskThresholdMonitor] [WuuaeiX] high disk watermark [90%] exceeded on [WuuaeiX1RimIKqB0gbnf_A][WuuaeiX][/Users/Guida/GitHub/lime/backend/elastic-search/data/nodes/0] free: 9.6gb[4.1%], shards will be relocated away from this node
[2017-11-28T09:49:52,273][INFO ][o.e.c.r.a.DiskThresholdMonitor] [WuuaeiX] rerouting shards: [high disk watermark exceeded on one or more nodes]
[2017-11-28T09:50:22,291][WARN ][o.e.c.r.a.DiskThresholdMonitor] [WuuaeiX] high disk watermark [90%] exceeded on [WuuaeiX1RimIKqB0gbnf_A][WuuaeiX][/Users/Guida/GitHub/lime/backend/elastic-search/data/nodes/0] free: 9.6gb[4.1%], shards will be relocated away from this node
[2017-11-28T09:50:52,311][WARN ][o.e.c.r.a.DiskThresholdMonitor] [WuuaeiX] high disk watermark [90%] exceeded on [WuuaeiX1RimIKqB0gbnf_A][WuuaeiX][/Users/Guida/GitHub/lime/backend/elastic-search/data/nodes/0] free: 9.6gb[4.1%], shards will be relocated away from this node
[2017-11-28T09:50:52,311][INFO ][o.e.c.r.a.DiskThresholdMonitor] [WuuaeiX] rerouting shards: [high disk watermark exceeded on one or more nodes]
[2017-11-28T09:51:22,332][WARN ][o.e.c.r.a.DiskThresholdMonitor] [WuuaeiX] high disk watermark [90%] exceeded on [WuuaeiX1RimIKqB0gbnf_A][WuuaeiX][/Users/Guida/GitHub/lime/backend/elastic-search/data/nodes/0] free: 9.6gb[4.1%], shards will be relocated away from this node
[2017-11-28T09:51:52,376][WARN ][o.e.c.r.a.DiskThresholdMonitor] [WuuaeiX] high disk watermark [90%] exceeded on [WuuaeiX1RimIKqB0gbnf_A][WuuaeiX][/Users/Guida/GitHub/lime/backend/elastic-search/data/nodes/0] free: 9.6gb[4.1%], shards will be relocated away from this node
[2017-11-28T09:51:52,376][INFO ][o.e.c.r.a.DiskThresholdMonitor] [WuuaeiX] rerouting shards: [high disk watermark exceeded on one or more nodes]
[2017-11-28T09:52:22,400][WARN ][o.e.c.r.a.DiskThresholdMonitor] [WuuaeiX] high disk watermark [90%] exceeded on [WuuaeiX1RimIKqB0gbnf_A][WuuaeiX][/Users/Guida/GitHub/lime/backend/elastic-search/data/nodes/0] free: 9.6gb[4.1%], shards will be relocated away from this node
[2017-11-28T09:52:52,435][WARN ][o.e.c.r.a.DiskThresholdMonitor] [WuuaeiX] high disk watermark [90%] exceeded on [WuuaeiX1RimIKqB0gbnf_A][WuuaeiX][/Users/Guida/GitHub/lime/backend/elastic-search/data/nodes/0] free: 9.6gb[4.1%], shards will be relocated away from this node
[2017-11-28T09:52:52,435][INFO ][o.e.c.r.a.DiskThresholdMonitor] [WuuaeiX] rerouting shards: [high disk watermark exceeded on one or more nodes]
[2017-11-28T09:53:22,462][WARN ][o.e.c.r.a.DiskThresholdMonitor] [WuuaeiX] high disk watermark [90%] exceeded on [WuuaeiX1RimIKqB0gbnf_A][WuuaeiX][/Users/Guida/GitHub/lime/backend/elastic-search/data/nodes/0] free: 9.6gb[4.1%], shards will be relocated away from this node
[2017-11-28T09:53:52,486][WARN ][o.e.c.r.a.DiskThresholdMonitor] [WuuaeiX] high disk watermark [90%] exceeded on [WuuaeiX1RimIKqB0gbnf_A][WuuaeiX][/Users/Guida/GitHub/lime/backend/elastic-search/data/nodes/0] free: 9.6gb[4.1%], shards will be relocated away from this node
[2017-11-28T09:53:52,488][INFO ][o.e.c.r.a.DiskThresholdMonitor] [WuuaeiX] rerouting shards: [high disk watermark exceeded on one or more nodes]
[2017-11-28T09:54:22,514][WARN ][o.e.c.r.a.DiskThresholdMonitor] [WuuaeiX] high disk watermark [90%] exceeded on [WuuaeiX1RimIKqB0gbnf_A][WuuaeiX][/Users/Guida/GitHub/lime/backend/elastic-search/data/nodes/0] free: 9.6gb[4.1%], shards will be relocated away from this node
[2017-11-28T09:54:52,531][WARN ][o.e.c.r.a.DiskThresholdMonitor] [WuuaeiX] high disk watermark [90%] exceeded on [WuuaeiX1RimIKqB0gbnf_A][WuuaeiX][/Users/Guida/GitHub/lime/backend/elastic-search/data/nodes/0] free: 9.6gb[4.1%], shards will be relocated away from this node
[2017-11-28T09:54:52,532][INFO ][o.e.c.r.a.DiskThresholdMonitor] [WuuaeiX] rerouting shards: [high disk watermark exceeded on one or more nodes]
[2017-11-28T09:55:22,558][WARN ][o.e.c.r.a.DiskThresholdMonitor] [WuuaeiX] high disk watermark [90%] exceeded on [WuuaeiX1RimIKqB0gbnf_A][WuuaeiX][/Users/Guida/GitHub/lime/backend/elastic-search/data/nodes/0] free: 9.6gb[4.1%], shards will be relocated away from this node
[2017-11-28T09:55:52,584][WARN ][o.e.c.r.a.DiskThresholdMonitor] [WuuaeiX] high disk watermark [90%] exceeded on [WuuaeiX1RimIKqB0gbnf_A][WuuaeiX][/Users/Guida/GitHub/lime/backend/elastic-search/data/nodes/0] free: 9.6gb[4.1%], shards will be relocated away from this node
[2017-11-28T09:55:52,584][INFO ][o.e.c.r.a.DiskThresholdMonitor] [WuuaeiX] rerouting shards: [high disk watermark exceeded on one or more nodes]
[2017-11-28T09:56:22,609][WARN ][o.e.c.r.a.DiskThresholdMonitor] [WuuaeiX] high disk watermark [90%] exceeded on [WuuaeiX1RimIKqB0gbnf_A][WuuaeiX][/Users/Guida/GitHub/lime/backend/elastic-search/data/nodes/0] free: 9.6gb[4.1%], shards will be relocated away from this node
[2017-11-28T09:56:52,642][WARN ][o.e.c.r.a.DiskThresholdMonitor] [WuuaeiX] high disk watermark [90%] exceeded on [WuuaeiX1RimIKqB0gbnf_A][WuuaeiX][/Users/Guida/GitHub/lime/backend/elastic-search/data/nodes/0] free: 9.6gb[4.1%], shards will be relocated away from this node
[2017-11-28T09:56:52,643][INFO ][o.e.c.r.a.DiskThresholdMonitor] [WuuaeiX] rerouting shards: [high disk watermark exceeded on one or more nodes]
[2017-11-28T09:57:22,661][WARN ][o.e.c.r.a.DiskThresholdMonitor] [WuuaeiX] high disk watermark [90%] exceeded on [WuuaeiX1RimIKqB0gbnf_A][WuuaeiX][/Users/Guida/GitHub/lime/backend/elastic-search/data/nodes/0] free: 9.6gb[4.1%], shards will be relocated away from this node
[2017-11-28T09:57:52,684][WARN ][o.e.c.r.a.DiskThresholdMonitor] [WuuaeiX] high disk watermark [90%] exceeded on [WuuaeiX1RimIKqB0gbnf_A][WuuaeiX][/Users/Guida/GitHub/lime/backend/elastic-search/data/nodes/0] free: 9.6gb[4.1%], shards will be relocated away from this node
[2017-11-28T09:57:52,685][INFO ][o.e.c.r.a.DiskThresholdMonitor] [WuuaeiX] rerouting shards: [high disk watermark exceeded on one or more nodes]
[2017-11-28T09:58:22,704][WARN ][o.e.c.r.a.DiskThresholdMonitor] [WuuaeiX] high disk watermark [90%] exceeded on [WuuaeiX1RimIKqB0gbnf_A][WuuaeiX][/Users/Guida/GitHub/lime/backend/elastic-search/data/nodes/0] free: 9.6gb[4.1%], shards will be relocated away from this node
[2017-11-28T09:58:52,880][WARN ][o.e.c.r.a.DiskThresholdMonitor] [WuuaeiX] high disk watermark [90%] exceeded on [WuuaeiX1RimIKqB0gbnf_A][WuuaeiX][/Users/Guida/GitHub/lime/backend/elastic-search/data/nodes/0] free: 9.6gb[4.1%], shards will be relocated away from this node
[2017-11-28T09:58:52,881][INFO ][o.e.c.r.a.DiskThresholdMonitor] [WuuaeiX] rerouting shards: [high disk watermark exceeded on one or more nodes]
[2017-11-28T09:59:22,950][WARN ][o.e.c.r.a.DiskThresholdMonitor] [WuuaeiX] high disk watermark [90%] exceeded on [WuuaeiX1RimIKqB0gbnf_A][WuuaeiX][/Users/Guida/GitHub/lime/backend/elastic-search/data/nodes/0] free: 9.6gb[4.1%], shards will be relocated away from this node
[2017-11-28T09:59:52,977][WARN ][o.e.c.r.a.DiskThresholdMonitor] [WuuaeiX] high disk watermark [90%] exceeded on [WuuaeiX1RimIKqB0gbnf_A][WuuaeiX][/Users/Guida/GitHub/lime/backend/elastic-search/data/nodes/0] free: 9.6gb[4.1%], shards will be relocated away from this node
[2017-11-28T09:59:52,978][INFO ][o.e.c.r.a.DiskThresholdMonitor] [WuuaeiX] rerouting shards: [high disk watermark exceeded on one or more nodes]
[2017-11-28T10:00:23,005][WARN ][o.e.c.r.a.DiskThresholdMonitor] [WuuaeiX] high disk watermark [90%] exceeded on [WuuaeiX1RimIKqB0gbnf_A][WuuaeiX][/Users/Guida/GitHub/lime/backend/elastic-search/data/nodes/0] free: 9.6gb[4.1%], shards will be relocated away from this node
[2017-11-28T10:00:53,028][WARN ][o.e.c.r.a.DiskThresholdMonitor] [WuuaeiX] high disk watermark [90%] exceeded on [WuuaeiX1RimIKqB0gbnf_A][WuuaeiX][/Users/Guida/GitHub/lime/backend/elastic-search/data/nodes/0] free: 9.5gb[4.1%], shards will be relocated away from this node
[2017-11-28T10:00:53,029][INFO ][o.e.c.r.a.DiskThresholdMonitor] [WuuaeiX] rerouting shards: [high disk watermark exceeded on one or more nodes]
[2017-11-28T10:01:23,054][WARN ][o.e.c.r.a.DiskThresholdMonitor] [WuuaeiX] high disk watermark [90%] exceeded on [WuuaeiX1RimIKqB0gbnf_A][WuuaeiX][/Users/Guida/GitHub/lime/backend/elastic-search/data/nodes/0] free: 9.5gb[4.1%], shards will be relocated away from this node
[2017-11-28T10:01:53,090][WARN ][o.e.c.r.a.DiskThresholdMonitor] [WuuaeiX] high disk watermark [90%] exceeded on [WuuaeiX1RimIKqB0gbnf_A][WuuaeiX][/Users/Guida/GitHub/lime/backend/elastic-search/data/nodes/0] free: 9.5gb[4%], shards will be relocated away from this node
[2017-11-28T10:01:53,091][INFO ][o.e.c.r.a.DiskThresholdMonitor] [WuuaeiX] rerouting shards: [high disk watermark exceeded on one or more nodes]
[2017-11-28T10:02:23,112][WARN ][o.e.c.r.a.DiskThresholdMonitor] [WuuaeiX] high disk watermark [90%] exceeded on [WuuaeiX1RimIKqB0gbnf_A][WuuaeiX][/Users/Guida/GitHub/lime/backend/elastic-search/data/nodes/0] free: 9.5gb[4.1%], shards will be relocated away from this node
[2017-11-28T10:02:53,149][WARN ][o.e.c.r.a.DiskThresholdMonitor] [WuuaeiX] high disk watermark [90%] exceeded on [WuuaeiX1RimIKqB0gbnf_A][WuuaeiX][/Users/Guida/GitHub/lime/backend/elastic-search/data/nodes/0] free: 9.5gb[4%], shards will be relocated away from this node
[2017-11-28T10:02:53,150][INFO ][o.e.c.r.a.DiskThresholdMonitor] [WuuaeiX] rerouting shards: [high disk watermark exceeded on one or more nodes]
[2017-11-28T10:03:23,174][WARN ][o.e.c.r.a.DiskThresholdMonitor] [WuuaeiX] high disk watermark [90%] exceeded on [WuuaeiX1RimIKqB0gbnf_A][WuuaeiX][/Users/Guida/GitHub/lime/backend/elastic-search/data/nodes/0] free: 9.5gb[4%], shards will be relocated away from this node
[2017-11-28T10:03:53,201][WARN ][o.e.c.r.a.DiskThresholdMonitor] [WuuaeiX] high disk watermark [90%] exceeded on [WuuaeiX1RimIKqB0gbnf_A][WuuaeiX][/Users/Guida/GitHub/lime/backend/elastic-search/data/nodes/0] free: 9.5gb[4%], shards will be relocated away from this node
[2017-11-28T10:03:53,201][INFO ][o.e.c.r.a.DiskThresholdMonitor] [WuuaeiX] rerouting shards: [high disk watermark exceeded on one or more nodes]
[2017-11-28T10:04:23,250][WARN ][o.e.c.r.a.DiskThresholdMonitor] [WuuaeiX] high disk watermark [90%] exceeded on [WuuaeiX1RimIKqB0gbnf_A][WuuaeiX][/Users/Guida/GitHub/lime/backend/elastic-search/data/nodes/0] free: 9.5gb[4%], shards will be relocated away from this node
[2017-11-28T10:04:53,291][WARN ][o.e.c.r.a.DiskThresholdMonitor] [WuuaeiX] high disk watermark [90%] exceeded on [WuuaeiX1RimIKqB0gbnf_A][WuuaeiX][/Users/Guida/GitHub/lime/backend/elastic-search/data/nodes/0] free: 9.5gb[4%], shards will be relocated away from this node
[2017-11-28T10:04:53,297][INFO ][o.e.c.r.a.DiskThresholdMonitor] [WuuaeiX] rerouting shards: [high disk watermark exceeded on one or more nodes]
[2017-11-28T10:05:23,325][WARN ][o.e.c.r.a.DiskThresholdMonitor] [WuuaeiX] high disk watermark [90%] exceeded on [WuuaeiX1RimIKqB0gbnf_A][WuuaeiX][/Users/Guida/GitHub/lime/backend/elastic-search/data/nodes/0] free: 9.5gb[4%], shards will be relocated away from this node
[2017-11-28T10:05:53,347][WARN ][o.e.c.r.a.DiskThresholdMonitor] [WuuaeiX] high disk watermark [90%] exceeded on [WuuaeiX1RimIKqB0gbnf_A][WuuaeiX][/Users/Guida/GitHub/lime/backend/elastic-search/data/nodes/0] free: 9.5gb[4%], shards will be relocated away from this node
[2017-11-28T10:05:53,348][INFO ][o.e.c.r.a.DiskThresholdMonitor] [WuuaeiX] rerouting shards: [high disk watermark exceeded on one or more nodes]
[2017-11-28T10:06:23,393][WARN ][o.e.c.r.a.DiskThresholdMonitor] [WuuaeiX] high disk watermark [90%] exceeded on [WuuaeiX1RimIKqB0gbnf_A][WuuaeiX][/Users/Guida/GitHub/lime/backend/elastic-search/data/nodes/0] free: 9.5gb[4%], shards will be relocated away from this node
[2017-11-28T10:06:53,415][WARN ][o.e.c.r.a.DiskThresholdMonitor] [WuuaeiX] high disk watermark [90%] exceeded on [WuuaeiX1RimIKqB0gbnf_A][WuuaeiX][/Users/Guida/GitHub/lime/backend/elastic-search/data/nodes/0] free: 9.5gb[4%], shards will be relocated away from this node
[2017-11-28T10:06:53,416][INFO ][o.e.c.r.a.DiskThresholdMonitor] [WuuaeiX] rerouting shards: [high disk watermark exceeded on one or more nodes]
[2017-11-28T10:07:23,439][WARN ][o.e.c.r.a.DiskThresholdMonitor] [WuuaeiX] high disk watermark [90%] exceeded on [WuuaeiX1RimIKqB0gbnf_A][WuuaeiX][/Users/Guida/GitHub/lime/backend/elastic-search/data/nodes/0] free: 9.5gb[4%], shards will be relocated away from this node
[2017-11-28T10:07:53,465][WARN ][o.e.c.r.a.DiskThresholdMonitor] [WuuaeiX] high disk watermark [90%] exceeded on [WuuaeiX1RimIKqB0gbnf_A][WuuaeiX][/Users/Guida/GitHub/lime/backend/elastic-search/data/nodes/0] free: 9.5gb[4%], shards will be relocated away from this node
[2017-11-28T10:07:53,466][INFO ][o.e.c.r.a.DiskThresholdMonitor] [WuuaeiX] rerouting shards: [high disk watermark exceeded on one or more nodes]
[2017-11-28T10:08:23,490][WARN ][o.e.c.r.a.DiskThresholdMonitor] [WuuaeiX] high disk watermark [90%] exceeded on [WuuaeiX1RimIKqB0gbnf_A][WuuaeiX][/Users/Guida/GitHub/lime/backend/elastic-search/data/nodes/0] free: 9.5gb[4%], shards will be relocated away from this node
[2017-11-28T10:08:53,532][WARN ][o.e.c.r.a.DiskThresholdMonitor] [WuuaeiX] high disk watermark [90%] exceeded on [WuuaeiX1RimIKqB0gbnf_A][WuuaeiX][/Users/Guida/GitHub/lime/backend/elastic-search/data/nodes/0] free: 9.5gb[4%], shards will be relocated away from this node
[2017-11-28T10:08:53,532][INFO ][o.e.c.r.a.DiskThresholdMonitor] [WuuaeiX] rerouting shards: [high disk watermark exceeded on one or more nodes]
