[2017-11-23T17:56:37,557][INFO ][o.e.n.Node               ] [] initializing ...
[2017-11-23T17:56:37,640][INFO ][o.e.e.NodeEnvironment    ] [WuuaeiX] using [1] data paths, mounts [[/ (/dev/disk1s1)]], net usable_space [11.7gb], net total_space [233.5gb], spins? [unknown], types [apfs]
[2017-11-23T17:56:37,641][INFO ][o.e.e.NodeEnvironment    ] [WuuaeiX] heap size [1.7gb], compressed ordinary object pointers [true]
[2017-11-23T17:56:37,642][INFO ][o.e.n.Node               ] node name [WuuaeiX] derived from node ID [WuuaeiX1RimIKqB0gbnf_A]; set [node.name] to override
[2017-11-23T17:56:37,643][INFO ][o.e.n.Node               ] version[5.6.3], pid[6719], build[1a2f265/2017-10-06T20:33:39.012Z], OS[Mac OS X/10.13.1/x86_64], JVM[Oracle Corporation/Java HotSpot(TM) 64-Bit Server VM/1.8.0_112/25.112-b16]
[2017-11-23T17:56:37,643][INFO ][o.e.n.Node               ] JVM arguments [-Des.path.home=/Users/Guida/GitHub/lime/elastic-search]
[2017-11-23T17:56:39,043][INFO ][o.e.p.PluginsService     ] [WuuaeiX] loaded module [aggs-matrix-stats]
[2017-11-23T17:56:39,043][INFO ][o.e.p.PluginsService     ] [WuuaeiX] loaded module [ingest-common]
[2017-11-23T17:56:39,043][INFO ][o.e.p.PluginsService     ] [WuuaeiX] loaded module [lang-expression]
[2017-11-23T17:56:39,044][INFO ][o.e.p.PluginsService     ] [WuuaeiX] loaded module [lang-groovy]
[2017-11-23T17:56:39,044][INFO ][o.e.p.PluginsService     ] [WuuaeiX] loaded module [lang-mustache]
[2017-11-23T17:56:39,044][INFO ][o.e.p.PluginsService     ] [WuuaeiX] loaded module [lang-painless]
[2017-11-23T17:56:39,044][INFO ][o.e.p.PluginsService     ] [WuuaeiX] loaded module [parent-join]
[2017-11-23T17:56:39,044][INFO ][o.e.p.PluginsService     ] [WuuaeiX] loaded module [percolator]
[2017-11-23T17:56:39,044][INFO ][o.e.p.PluginsService     ] [WuuaeiX] loaded module [reindex]
[2017-11-23T17:56:39,045][INFO ][o.e.p.PluginsService     ] [WuuaeiX] loaded module [transport-netty3]
[2017-11-23T17:56:39,045][INFO ][o.e.p.PluginsService     ] [WuuaeiX] loaded module [transport-netty4]
[2017-11-23T17:56:39,046][INFO ][o.e.p.PluginsService     ] [WuuaeiX] no plugins loaded
[2017-11-23T17:56:41,200][INFO ][o.e.d.DiscoveryModule    ] [WuuaeiX] using discovery type [zen]
[2017-11-23T17:56:41,944][INFO ][o.e.n.Node               ] initialized
[2017-11-23T17:56:41,945][INFO ][o.e.n.Node               ] [WuuaeiX] starting ...
[2017-11-23T17:56:42,006][INFO ][i.n.u.i.PlatformDependent] Your platform does not provide complete low-level API for accessing direct buffers reliably. Unless explicitly requested, heap buffer will always be preferred to avoid potential system instability.
[2017-11-23T17:56:42,260][INFO ][o.e.t.TransportService   ] [WuuaeiX] publish_address {127.0.0.1:9300}, bound_addresses {[fe80::1]:9300}, {[::1]:9300}, {127.0.0.1:9300}
[2017-11-23T17:56:42,277][WARN ][o.e.b.BootstrapChecks    ] [WuuaeiX] initial heap size [134217728] not equal to maximum heap size [2147483648]; this can cause resize pauses and prevents mlockall from locking the entire heap
[2017-11-23T17:56:45,339][INFO ][o.e.c.s.ClusterService   ] [WuuaeiX] new_master {WuuaeiX}{WuuaeiX1RimIKqB0gbnf_A}{hxJcTXhoSjeqkTF0a8FQKA}{127.0.0.1}{127.0.0.1:9300}, reason: zen-disco-elected-as-master ([0] nodes joined)
[2017-11-23T17:56:45,368][INFO ][o.e.h.n.Netty4HttpServerTransport] [WuuaeiX] publish_address {127.0.0.1:9200}, bound_addresses {[fe80::1]:9200}, {[::1]:9200}, {127.0.0.1:9200}
[2017-11-23T17:56:45,368][INFO ][o.e.n.Node               ] [WuuaeiX] started
[2017-11-23T17:56:45,376][INFO ][o.e.g.GatewayService     ] [WuuaeiX] recovered [0] indices into cluster_state
[2017-11-23T17:57:15,366][WARN ][o.e.c.r.a.DiskThresholdMonitor] [WuuaeiX] high disk watermark [90%] exceeded on [WuuaeiX1RimIKqB0gbnf_A][WuuaeiX][/Users/Guida/GitHub/lime/elastic-search/data/nodes/0] free: 11.7gb[5%], shards will be relocated away from this node
[2017-11-23T17:57:15,367][INFO ][o.e.c.r.a.DiskThresholdMonitor] [WuuaeiX] rerouting shards: [high disk watermark exceeded on one or more nodes]
[2017-11-23T17:57:45,376][WARN ][o.e.c.r.a.DiskThresholdMonitor] [WuuaeiX] high disk watermark [90%] exceeded on [WuuaeiX1RimIKqB0gbnf_A][WuuaeiX][/Users/Guida/GitHub/lime/elastic-search/data/nodes/0] free: 11.7gb[5%], shards will be relocated away from this node
[2017-11-23T17:58:15,382][WARN ][o.e.c.r.a.DiskThresholdMonitor] [WuuaeiX] high disk watermark [90%] exceeded on [WuuaeiX1RimIKqB0gbnf_A][WuuaeiX][/Users/Guida/GitHub/lime/elastic-search/data/nodes/0] free: 11.7gb[5%], shards will be relocated away from this node
[2017-11-23T17:58:15,382][INFO ][o.e.c.r.a.DiskThresholdMonitor] [WuuaeiX] rerouting shards: [high disk watermark exceeded on one or more nodes]
[2017-11-23T17:58:45,386][WARN ][o.e.c.r.a.DiskThresholdMonitor] [WuuaeiX] high disk watermark [90%] exceeded on [WuuaeiX1RimIKqB0gbnf_A][WuuaeiX][/Users/Guida/GitHub/lime/elastic-search/data/nodes/0] free: 11.7gb[5%], shards will be relocated away from this node
[2017-11-23T17:59:15,390][WARN ][o.e.c.r.a.DiskThresholdMonitor] [WuuaeiX] high disk watermark [90%] exceeded on [WuuaeiX1RimIKqB0gbnf_A][WuuaeiX][/Users/Guida/GitHub/lime/elastic-search/data/nodes/0] free: 11.7gb[5%], shards will be relocated away from this node
[2017-11-23T17:59:15,391][INFO ][o.e.c.r.a.DiskThresholdMonitor] [WuuaeiX] rerouting shards: [high disk watermark exceeded on one or more nodes]
[2017-11-23T17:59:45,397][WARN ][o.e.c.r.a.DiskThresholdMonitor] [WuuaeiX] high disk watermark [90%] exceeded on [WuuaeiX1RimIKqB0gbnf_A][WuuaeiX][/Users/Guida/GitHub/lime/elastic-search/data/nodes/0] free: 11.8gb[5%], shards will be relocated away from this node
[2017-11-23T18:00:15,400][WARN ][o.e.c.r.a.DiskThresholdMonitor] [WuuaeiX] high disk watermark [90%] exceeded on [WuuaeiX1RimIKqB0gbnf_A][WuuaeiX][/Users/Guida/GitHub/lime/elastic-search/data/nodes/0] free: 11.8gb[5%], shards will be relocated away from this node
[2017-11-23T18:00:15,401][INFO ][o.e.c.r.a.DiskThresholdMonitor] [WuuaeiX] rerouting shards: [high disk watermark exceeded on one or more nodes]
[2017-11-23T18:00:45,407][WARN ][o.e.c.r.a.DiskThresholdMonitor] [WuuaeiX] high disk watermark [90%] exceeded on [WuuaeiX1RimIKqB0gbnf_A][WuuaeiX][/Users/Guida/GitHub/lime/elastic-search/data/nodes/0] free: 11.7gb[5%], shards will be relocated away from this node
[2017-11-23T18:01:15,410][WARN ][o.e.c.r.a.DiskThresholdMonitor] [WuuaeiX] high disk watermark [90%] exceeded on [WuuaeiX1RimIKqB0gbnf_A][WuuaeiX][/Users/Guida/GitHub/lime/elastic-search/data/nodes/0] free: 11.8gb[5%], shards will be relocated away from this node
[2017-11-23T18:01:15,411][INFO ][o.e.c.r.a.DiskThresholdMonitor] [WuuaeiX] rerouting shards: [high disk watermark exceeded on one or more nodes]
[2017-11-23T18:01:45,422][WARN ][o.e.c.r.a.DiskThresholdMonitor] [WuuaeiX] high disk watermark [90%] exceeded on [WuuaeiX1RimIKqB0gbnf_A][WuuaeiX][/Users/Guida/GitHub/lime/elastic-search/data/nodes/0] free: 11.8gb[5%], shards will be relocated away from this node
[2017-11-23T18:02:15,425][WARN ][o.e.c.r.a.DiskThresholdMonitor] [WuuaeiX] high disk watermark [90%] exceeded on [WuuaeiX1RimIKqB0gbnf_A][WuuaeiX][/Users/Guida/GitHub/lime/elastic-search/data/nodes/0] free: 11.8gb[5%], shards will be relocated away from this node
[2017-11-23T18:02:15,425][INFO ][o.e.c.r.a.DiskThresholdMonitor] [WuuaeiX] rerouting shards: [high disk watermark exceeded on one or more nodes]
[2017-11-23T18:02:45,428][WARN ][o.e.c.r.a.DiskThresholdMonitor] [WuuaeiX] high disk watermark [90%] exceeded on [WuuaeiX1RimIKqB0gbnf_A][WuuaeiX][/Users/Guida/GitHub/lime/elastic-search/data/nodes/0] free: 11.7gb[5%], shards will be relocated away from this node
[2017-11-23T18:03:15,442][WARN ][o.e.c.r.a.DiskThresholdMonitor] [WuuaeiX] high disk watermark [90%] exceeded on [WuuaeiX1RimIKqB0gbnf_A][WuuaeiX][/Users/Guida/GitHub/lime/elastic-search/data/nodes/0] free: 11.7gb[5%], shards will be relocated away from this node
[2017-11-23T18:03:15,442][INFO ][o.e.c.r.a.DiskThresholdMonitor] [WuuaeiX] rerouting shards: [high disk watermark exceeded on one or more nodes]
[2017-11-23T18:03:45,447][WARN ][o.e.c.r.a.DiskThresholdMonitor] [WuuaeiX] high disk watermark [90%] exceeded on [WuuaeiX1RimIKqB0gbnf_A][WuuaeiX][/Users/Guida/GitHub/lime/elastic-search/data/nodes/0] free: 11.7gb[5%], shards will be relocated away from this node
[2017-11-23T18:04:15,463][WARN ][o.e.c.r.a.DiskThresholdMonitor] [WuuaeiX] high disk watermark [90%] exceeded on [WuuaeiX1RimIKqB0gbnf_A][WuuaeiX][/Users/Guida/GitHub/lime/elastic-search/data/nodes/0] free: 11.7gb[5%], shards will be relocated away from this node
[2017-11-23T18:04:15,463][INFO ][o.e.c.r.a.DiskThresholdMonitor] [WuuaeiX] rerouting shards: [high disk watermark exceeded on one or more nodes]
[2017-11-23T18:04:45,472][WARN ][o.e.c.r.a.DiskThresholdMonitor] [WuuaeiX] high disk watermark [90%] exceeded on [WuuaeiX1RimIKqB0gbnf_A][WuuaeiX][/Users/Guida/GitHub/lime/elastic-search/data/nodes/0] free: 11.7gb[5%], shards will be relocated away from this node
[2017-11-23T18:05:15,479][WARN ][o.e.c.r.a.DiskThresholdMonitor] [WuuaeiX] high disk watermark [90%] exceeded on [WuuaeiX1RimIKqB0gbnf_A][WuuaeiX][/Users/Guida/GitHub/lime/elastic-search/data/nodes/0] free: 11.7gb[5%], shards will be relocated away from this node
[2017-11-23T18:05:15,479][INFO ][o.e.c.r.a.DiskThresholdMonitor] [WuuaeiX] rerouting shards: [high disk watermark exceeded on one or more nodes]
[2017-11-23T18:05:45,484][WARN ][o.e.c.r.a.DiskThresholdMonitor] [WuuaeiX] high disk watermark [90%] exceeded on [WuuaeiX1RimIKqB0gbnf_A][WuuaeiX][/Users/Guida/GitHub/lime/elastic-search/data/nodes/0] free: 11.7gb[5%], shards will be relocated away from this node
[2017-11-23T18:06:15,491][WARN ][o.e.c.r.a.DiskThresholdMonitor] [WuuaeiX] high disk watermark [90%] exceeded on [WuuaeiX1RimIKqB0gbnf_A][WuuaeiX][/Users/Guida/GitHub/lime/elastic-search/data/nodes/0] free: 11.7gb[5%], shards will be relocated away from this node
[2017-11-23T18:06:15,491][INFO ][o.e.c.r.a.DiskThresholdMonitor] [WuuaeiX] rerouting shards: [high disk watermark exceeded on one or more nodes]
[2017-11-23T18:06:45,496][WARN ][o.e.c.r.a.DiskThresholdMonitor] [WuuaeiX] high disk watermark [90%] exceeded on [WuuaeiX1RimIKqB0gbnf_A][WuuaeiX][/Users/Guida/GitHub/lime/elastic-search/data/nodes/0] free: 11.7gb[5%], shards will be relocated away from this node
[2017-11-23T18:07:15,504][WARN ][o.e.c.r.a.DiskThresholdMonitor] [WuuaeiX] high disk watermark [90%] exceeded on [WuuaeiX1RimIKqB0gbnf_A][WuuaeiX][/Users/Guida/GitHub/lime/elastic-search/data/nodes/0] free: 11.7gb[5%], shards will be relocated away from this node
[2017-11-23T18:07:15,506][INFO ][o.e.c.r.a.DiskThresholdMonitor] [WuuaeiX] rerouting shards: [high disk watermark exceeded on one or more nodes]
[2017-11-23T18:07:45,512][WARN ][o.e.c.r.a.DiskThresholdMonitor] [WuuaeiX] high disk watermark [90%] exceeded on [WuuaeiX1RimIKqB0gbnf_A][WuuaeiX][/Users/Guida/GitHub/lime/elastic-search/data/nodes/0] free: 11.7gb[5%], shards will be relocated away from this node
[2017-11-23T18:08:15,519][WARN ][o.e.c.r.a.DiskThresholdMonitor] [WuuaeiX] high disk watermark [90%] exceeded on [WuuaeiX1RimIKqB0gbnf_A][WuuaeiX][/Users/Guida/GitHub/lime/elastic-search/data/nodes/0] free: 11.7gb[5%], shards will be relocated away from this node
[2017-11-23T18:08:15,521][INFO ][o.e.c.r.a.DiskThresholdMonitor] [WuuaeiX] rerouting shards: [high disk watermark exceeded on one or more nodes]
[2017-11-23T18:08:45,527][WARN ][o.e.c.r.a.DiskThresholdMonitor] [WuuaeiX] high disk watermark [90%] exceeded on [WuuaeiX1RimIKqB0gbnf_A][WuuaeiX][/Users/Guida/GitHub/lime/elastic-search/data/nodes/0] free: 11.7gb[5%], shards will be relocated away from this node
[2017-11-23T18:09:15,538][WARN ][o.e.c.r.a.DiskThresholdMonitor] [WuuaeiX] high disk watermark [90%] exceeded on [WuuaeiX1RimIKqB0gbnf_A][WuuaeiX][/Users/Guida/GitHub/lime/elastic-search/data/nodes/0] free: 11.7gb[5%], shards will be relocated away from this node
[2017-11-23T18:09:15,539][INFO ][o.e.c.r.a.DiskThresholdMonitor] [WuuaeiX] rerouting shards: [high disk watermark exceeded on one or more nodes]
[2017-11-23T18:09:45,543][WARN ][o.e.c.r.a.DiskThresholdMonitor] [WuuaeiX] high disk watermark [90%] exceeded on [WuuaeiX1RimIKqB0gbnf_A][WuuaeiX][/Users/Guida/GitHub/lime/elastic-search/data/nodes/0] free: 11.7gb[5%], shards will be relocated away from this node
[2017-11-23T18:10:15,551][WARN ][o.e.c.r.a.DiskThresholdMonitor] [WuuaeiX] high disk watermark [90%] exceeded on [WuuaeiX1RimIKqB0gbnf_A][WuuaeiX][/Users/Guida/GitHub/lime/elastic-search/data/nodes/0] free: 11.6gb[5%], shards will be relocated away from this node
[2017-11-23T18:10:15,553][INFO ][o.e.c.r.a.DiskThresholdMonitor] [WuuaeiX] rerouting shards: [high disk watermark exceeded on one or more nodes]
[2017-11-23T18:10:45,558][WARN ][o.e.c.r.a.DiskThresholdMonitor] [WuuaeiX] high disk watermark [90%] exceeded on [WuuaeiX1RimIKqB0gbnf_A][WuuaeiX][/Users/Guida/GitHub/lime/elastic-search/data/nodes/0] free: 11.6gb[5%], shards will be relocated away from this node
[2017-11-23T18:11:15,564][WARN ][o.e.c.r.a.DiskThresholdMonitor] [WuuaeiX] high disk watermark [90%] exceeded on [WuuaeiX1RimIKqB0gbnf_A][WuuaeiX][/Users/Guida/GitHub/lime/elastic-search/data/nodes/0] free: 11.6gb[5%], shards will be relocated away from this node
[2017-11-23T18:11:15,565][INFO ][o.e.c.r.a.DiskThresholdMonitor] [WuuaeiX] rerouting shards: [high disk watermark exceeded on one or more nodes]
[2017-11-23T18:11:45,573][WARN ][o.e.c.r.a.DiskThresholdMonitor] [WuuaeiX] high disk watermark [90%] exceeded on [WuuaeiX1RimIKqB0gbnf_A][WuuaeiX][/Users/Guida/GitHub/lime/elastic-search/data/nodes/0] free: 11.6gb[5%], shards will be relocated away from this node
[2017-11-23T18:12:15,579][WARN ][o.e.c.r.a.DiskThresholdMonitor] [WuuaeiX] high disk watermark [90%] exceeded on [WuuaeiX1RimIKqB0gbnf_A][WuuaeiX][/Users/Guida/GitHub/lime/elastic-search/data/nodes/0] free: 11.6gb[5%], shards will be relocated away from this node
[2017-11-23T18:12:15,579][INFO ][o.e.c.r.a.DiskThresholdMonitor] [WuuaeiX] rerouting shards: [high disk watermark exceeded on one or more nodes]
[2017-11-23T18:12:45,583][WARN ][o.e.c.r.a.DiskThresholdMonitor] [WuuaeiX] high disk watermark [90%] exceeded on [WuuaeiX1RimIKqB0gbnf_A][WuuaeiX][/Users/Guida/GitHub/lime/elastic-search/data/nodes/0] free: 11.6gb[5%], shards will be relocated away from this node
[2017-11-23T18:13:15,585][WARN ][o.e.c.r.a.DiskThresholdMonitor] [WuuaeiX] high disk watermark [90%] exceeded on [WuuaeiX1RimIKqB0gbnf_A][WuuaeiX][/Users/Guida/GitHub/lime/elastic-search/data/nodes/0] free: 11.6gb[5%], shards will be relocated away from this node
[2017-11-23T18:13:15,587][INFO ][o.e.c.r.a.DiskThresholdMonitor] [WuuaeiX] rerouting shards: [high disk watermark exceeded on one or more nodes]
[2017-11-23T18:13:45,593][WARN ][o.e.c.r.a.DiskThresholdMonitor] [WuuaeiX] high disk watermark [90%] exceeded on [WuuaeiX1RimIKqB0gbnf_A][WuuaeiX][/Users/Guida/GitHub/lime/elastic-search/data/nodes/0] free: 11.6gb[5%], shards will be relocated away from this node
[2017-11-23T18:14:15,601][WARN ][o.e.c.r.a.DiskThresholdMonitor] [WuuaeiX] high disk watermark [90%] exceeded on [WuuaeiX1RimIKqB0gbnf_A][WuuaeiX][/Users/Guida/GitHub/lime/elastic-search/data/nodes/0] free: 11.6gb[5%], shards will be relocated away from this node
[2017-11-23T18:14:15,602][INFO ][o.e.c.r.a.DiskThresholdMonitor] [WuuaeiX] rerouting shards: [high disk watermark exceeded on one or more nodes]
[2017-11-23T18:14:45,605][WARN ][o.e.c.r.a.DiskThresholdMonitor] [WuuaeiX] high disk watermark [90%] exceeded on [WuuaeiX1RimIKqB0gbnf_A][WuuaeiX][/Users/Guida/GitHub/lime/elastic-search/data/nodes/0] free: 11.6gb[5%], shards will be relocated away from this node
[2017-11-23T18:15:15,609][WARN ][o.e.c.r.a.DiskThresholdMonitor] [WuuaeiX] high disk watermark [90%] exceeded on [WuuaeiX1RimIKqB0gbnf_A][WuuaeiX][/Users/Guida/GitHub/lime/elastic-search/data/nodes/0] free: 11.6gb[5%], shards will be relocated away from this node
[2017-11-23T18:15:15,610][INFO ][o.e.c.r.a.DiskThresholdMonitor] [WuuaeiX] rerouting shards: [high disk watermark exceeded on one or more nodes]
[2017-11-23T18:15:45,620][WARN ][o.e.c.r.a.DiskThresholdMonitor] [WuuaeiX] high disk watermark [90%] exceeded on [WuuaeiX1RimIKqB0gbnf_A][WuuaeiX][/Users/Guida/GitHub/lime/elastic-search/data/nodes/0] free: 11.6gb[4.9%], shards will be relocated away from this node
[2017-11-23T18:16:15,626][WARN ][o.e.c.r.a.DiskThresholdMonitor] [WuuaeiX] high disk watermark [90%] exceeded on [WuuaeiX1RimIKqB0gbnf_A][WuuaeiX][/Users/Guida/GitHub/lime/elastic-search/data/nodes/0] free: 11.6gb[4.9%], shards will be relocated away from this node
[2017-11-23T18:16:15,628][INFO ][o.e.c.r.a.DiskThresholdMonitor] [WuuaeiX] rerouting shards: [high disk watermark exceeded on one or more nodes]
[2017-11-23T18:16:45,633][WARN ][o.e.c.r.a.DiskThresholdMonitor] [WuuaeiX] high disk watermark [90%] exceeded on [WuuaeiX1RimIKqB0gbnf_A][WuuaeiX][/Users/Guida/GitHub/lime/elastic-search/data/nodes/0] free: 11.6gb[4.9%], shards will be relocated away from this node
[2017-11-23T18:17:15,640][WARN ][o.e.c.r.a.DiskThresholdMonitor] [WuuaeiX] high disk watermark [90%] exceeded on [WuuaeiX1RimIKqB0gbnf_A][WuuaeiX][/Users/Guida/GitHub/lime/elastic-search/data/nodes/0] free: 11.6gb[4.9%], shards will be relocated away from this node
[2017-11-23T18:17:15,642][INFO ][o.e.c.r.a.DiskThresholdMonitor] [WuuaeiX] rerouting shards: [high disk watermark exceeded on one or more nodes]
[2017-11-23T18:17:45,650][WARN ][o.e.c.r.a.DiskThresholdMonitor] [WuuaeiX] high disk watermark [90%] exceeded on [WuuaeiX1RimIKqB0gbnf_A][WuuaeiX][/Users/Guida/GitHub/lime/elastic-search/data/nodes/0] free: 11.6gb[4.9%], shards will be relocated away from this node
[2017-11-23T18:18:15,656][WARN ][o.e.c.r.a.DiskThresholdMonitor] [WuuaeiX] high disk watermark [90%] exceeded on [WuuaeiX1RimIKqB0gbnf_A][WuuaeiX][/Users/Guida/GitHub/lime/elastic-search/data/nodes/0] free: 11.6gb[4.9%], shards will be relocated away from this node
[2017-11-23T18:18:15,657][INFO ][o.e.c.r.a.DiskThresholdMonitor] [WuuaeiX] rerouting shards: [high disk watermark exceeded on one or more nodes]
[2017-11-23T18:18:45,664][WARN ][o.e.c.r.a.DiskThresholdMonitor] [WuuaeiX] high disk watermark [90%] exceeded on [WuuaeiX1RimIKqB0gbnf_A][WuuaeiX][/Users/Guida/GitHub/lime/elastic-search/data/nodes/0] free: 11.6gb[4.9%], shards will be relocated away from this node
[2017-11-23T18:19:15,669][WARN ][o.e.c.r.a.DiskThresholdMonitor] [WuuaeiX] high disk watermark [90%] exceeded on [WuuaeiX1RimIKqB0gbnf_A][WuuaeiX][/Users/Guida/GitHub/lime/elastic-search/data/nodes/0] free: 11.6gb[4.9%], shards will be relocated away from this node
[2017-11-23T18:19:15,669][INFO ][o.e.c.r.a.DiskThresholdMonitor] [WuuaeiX] rerouting shards: [high disk watermark exceeded on one or more nodes]
[2017-11-23T18:19:45,680][WARN ][o.e.c.r.a.DiskThresholdMonitor] [WuuaeiX] high disk watermark [90%] exceeded on [WuuaeiX1RimIKqB0gbnf_A][WuuaeiX][/Users/Guida/GitHub/lime/elastic-search/data/nodes/0] free: 11.6gb[4.9%], shards will be relocated away from this node
[2017-11-23T18:20:15,688][WARN ][o.e.c.r.a.DiskThresholdMonitor] [WuuaeiX] high disk watermark [90%] exceeded on [WuuaeiX1RimIKqB0gbnf_A][WuuaeiX][/Users/Guida/GitHub/lime/elastic-search/data/nodes/0] free: 11.5gb[4.9%], shards will be relocated away from this node
[2017-11-23T18:20:15,689][INFO ][o.e.c.r.a.DiskThresholdMonitor] [WuuaeiX] rerouting shards: [high disk watermark exceeded on one or more nodes]
[2017-11-23T18:20:45,695][WARN ][o.e.c.r.a.DiskThresholdMonitor] [WuuaeiX] high disk watermark [90%] exceeded on [WuuaeiX1RimIKqB0gbnf_A][WuuaeiX][/Users/Guida/GitHub/lime/elastic-search/data/nodes/0] free: 11.5gb[4.9%], shards will be relocated away from this node
[2017-11-23T18:21:15,699][WARN ][o.e.c.r.a.DiskThresholdMonitor] [WuuaeiX] high disk watermark [90%] exceeded on [WuuaeiX1RimIKqB0gbnf_A][WuuaeiX][/Users/Guida/GitHub/lime/elastic-search/data/nodes/0] free: 11.5gb[4.9%], shards will be relocated away from this node
[2017-11-23T18:21:15,700][INFO ][o.e.c.r.a.DiskThresholdMonitor] [WuuaeiX] rerouting shards: [high disk watermark exceeded on one or more nodes]
[2017-11-23T18:21:45,704][WARN ][o.e.c.r.a.DiskThresholdMonitor] [WuuaeiX] high disk watermark [90%] exceeded on [WuuaeiX1RimIKqB0gbnf_A][WuuaeiX][/Users/Guida/GitHub/lime/elastic-search/data/nodes/0] free: 11.5gb[4.9%], shards will be relocated away from this node
[2017-11-23T18:22:15,709][WARN ][o.e.c.r.a.DiskThresholdMonitor] [WuuaeiX] high disk watermark [90%] exceeded on [WuuaeiX1RimIKqB0gbnf_A][WuuaeiX][/Users/Guida/GitHub/lime/elastic-search/data/nodes/0] free: 11.5gb[4.9%], shards will be relocated away from this node
[2017-11-23T18:22:15,710][INFO ][o.e.c.r.a.DiskThresholdMonitor] [WuuaeiX] rerouting shards: [high disk watermark exceeded on one or more nodes]
[2017-11-23T18:22:45,716][WARN ][o.e.c.r.a.DiskThresholdMonitor] [WuuaeiX] high disk watermark [90%] exceeded on [WuuaeiX1RimIKqB0gbnf_A][WuuaeiX][/Users/Guida/GitHub/lime/elastic-search/data/nodes/0] free: 11.5gb[4.9%], shards will be relocated away from this node
[2017-11-23T18:23:15,722][WARN ][o.e.c.r.a.DiskThresholdMonitor] [WuuaeiX] high disk watermark [90%] exceeded on [WuuaeiX1RimIKqB0gbnf_A][WuuaeiX][/Users/Guida/GitHub/lime/elastic-search/data/nodes/0] free: 11.5gb[4.9%], shards will be relocated away from this node
[2017-11-23T18:23:15,723][INFO ][o.e.c.r.a.DiskThresholdMonitor] [WuuaeiX] rerouting shards: [high disk watermark exceeded on one or more nodes]
[2017-11-23T18:23:45,727][WARN ][o.e.c.r.a.DiskThresholdMonitor] [WuuaeiX] high disk watermark [90%] exceeded on [WuuaeiX1RimIKqB0gbnf_A][WuuaeiX][/Users/Guida/GitHub/lime/elastic-search/data/nodes/0] free: 11.5gb[4.9%], shards will be relocated away from this node
[2017-11-23T18:24:15,743][WARN ][o.e.c.r.a.DiskThresholdMonitor] [WuuaeiX] high disk watermark [90%] exceeded on [WuuaeiX1RimIKqB0gbnf_A][WuuaeiX][/Users/Guida/GitHub/lime/elastic-search/data/nodes/0] free: 11.5gb[4.9%], shards will be relocated away from this node
[2017-11-23T18:24:15,744][INFO ][o.e.c.r.a.DiskThresholdMonitor] [WuuaeiX] rerouting shards: [high disk watermark exceeded on one or more nodes]
[2017-11-23T18:24:45,752][WARN ][o.e.c.r.a.DiskThresholdMonitor] [WuuaeiX] high disk watermark [90%] exceeded on [WuuaeiX1RimIKqB0gbnf_A][WuuaeiX][/Users/Guida/GitHub/lime/elastic-search/data/nodes/0] free: 11.5gb[4.9%], shards will be relocated away from this node
[2017-11-23T18:25:15,760][WARN ][o.e.c.r.a.DiskThresholdMonitor] [WuuaeiX] high disk watermark [90%] exceeded on [WuuaeiX1RimIKqB0gbnf_A][WuuaeiX][/Users/Guida/GitHub/lime/elastic-search/data/nodes/0] free: 11.5gb[4.9%], shards will be relocated away from this node
[2017-11-23T18:25:15,760][INFO ][o.e.c.r.a.DiskThresholdMonitor] [WuuaeiX] rerouting shards: [high disk watermark exceeded on one or more nodes]
[2017-11-23T18:25:45,767][WARN ][o.e.c.r.a.DiskThresholdMonitor] [WuuaeiX] high disk watermark [90%] exceeded on [WuuaeiX1RimIKqB0gbnf_A][WuuaeiX][/Users/Guida/GitHub/lime/elastic-search/data/nodes/0] free: 11.5gb[4.9%], shards will be relocated away from this node
[2017-11-23T18:26:15,779][WARN ][o.e.c.r.a.DiskThresholdMonitor] [WuuaeiX] high disk watermark [90%] exceeded on [WuuaeiX1RimIKqB0gbnf_A][WuuaeiX][/Users/Guida/GitHub/lime/elastic-search/data/nodes/0] free: 11.5gb[4.9%], shards will be relocated away from this node
[2017-11-23T18:26:15,779][INFO ][o.e.c.r.a.DiskThresholdMonitor] [WuuaeiX] rerouting shards: [high disk watermark exceeded on one or more nodes]
[2017-11-23T18:26:45,784][WARN ][o.e.c.r.a.DiskThresholdMonitor] [WuuaeiX] high disk watermark [90%] exceeded on [WuuaeiX1RimIKqB0gbnf_A][WuuaeiX][/Users/Guida/GitHub/lime/elastic-search/data/nodes/0] free: 11.5gb[4.9%], shards will be relocated away from this node
[2017-11-23T18:27:15,792][WARN ][o.e.c.r.a.DiskThresholdMonitor] [WuuaeiX] high disk watermark [90%] exceeded on [WuuaeiX1RimIKqB0gbnf_A][WuuaeiX][/Users/Guida/GitHub/lime/elastic-search/data/nodes/0] free: 11.5gb[4.9%], shards will be relocated away from this node
[2017-11-23T18:27:15,793][INFO ][o.e.c.r.a.DiskThresholdMonitor] [WuuaeiX] rerouting shards: [high disk watermark exceeded on one or more nodes]
[2017-11-23T18:27:45,798][WARN ][o.e.c.r.a.DiskThresholdMonitor] [WuuaeiX] high disk watermark [90%] exceeded on [WuuaeiX1RimIKqB0gbnf_A][WuuaeiX][/Users/Guida/GitHub/lime/elastic-search/data/nodes/0] free: 11.5gb[4.9%], shards will be relocated away from this node
[2017-11-23T18:28:15,806][WARN ][o.e.c.r.a.DiskThresholdMonitor] [WuuaeiX] high disk watermark [90%] exceeded on [WuuaeiX1RimIKqB0gbnf_A][WuuaeiX][/Users/Guida/GitHub/lime/elastic-search/data/nodes/0] free: 11.5gb[4.9%], shards will be relocated away from this node
[2017-11-23T18:28:15,806][INFO ][o.e.c.r.a.DiskThresholdMonitor] [WuuaeiX] rerouting shards: [high disk watermark exceeded on one or more nodes]
[2017-11-23T18:28:24,685][INFO ][o.e.c.m.MetaDataCreateIndexService] [WuuaeiX] [twitter] creating index, cause [auto(bulk api)], templates [], shards [5]/[1], mappings []
[2017-11-23T18:28:25,029][INFO ][o.e.c.m.MetaDataMappingService] [WuuaeiX] [twitter/nLUnTJ2iROm2NvSNQer9AQ] create_mapping [tweet]
[2017-11-23T18:28:45,821][WARN ][o.e.c.r.a.DiskThresholdMonitor] [WuuaeiX] high disk watermark [90%] exceeded on [WuuaeiX1RimIKqB0gbnf_A][WuuaeiX][/Users/Guida/GitHub/lime/elastic-search/data/nodes/0] free: 11.5gb[4.9%], shards will be relocated away from this node
[2017-11-23T18:29:15,828][WARN ][o.e.c.r.a.DiskThresholdMonitor] [WuuaeiX] high disk watermark [90%] exceeded on [WuuaeiX1RimIKqB0gbnf_A][WuuaeiX][/Users/Guida/GitHub/lime/elastic-search/data/nodes/0] free: 11.5gb[4.9%], shards will be relocated away from this node
[2017-11-23T18:29:15,830][INFO ][o.e.c.r.a.DiskThresholdMonitor] [WuuaeiX] rerouting shards: [high disk watermark exceeded on one or more nodes]
[2017-11-23T18:29:45,837][WARN ][o.e.c.r.a.DiskThresholdMonitor] [WuuaeiX] high disk watermark [90%] exceeded on [WuuaeiX1RimIKqB0gbnf_A][WuuaeiX][/Users/Guida/GitHub/lime/elastic-search/data/nodes/0] free: 11.5gb[4.9%], shards will be relocated away from this node
[2017-11-23T18:30:15,846][WARN ][o.e.c.r.a.DiskThresholdMonitor] [WuuaeiX] high disk watermark [90%] exceeded on [WuuaeiX1RimIKqB0gbnf_A][WuuaeiX][/Users/Guida/GitHub/lime/elastic-search/data/nodes/0] free: 11.5gb[4.9%], shards will be relocated away from this node
[2017-11-23T18:30:15,847][INFO ][o.e.c.r.a.DiskThresholdMonitor] [WuuaeiX] rerouting shards: [high disk watermark exceeded on one or more nodes]
[2017-11-23T18:30:45,858][WARN ][o.e.c.r.a.DiskThresholdMonitor] [WuuaeiX] high disk watermark [90%] exceeded on [WuuaeiX1RimIKqB0gbnf_A][WuuaeiX][/Users/Guida/GitHub/lime/elastic-search/data/nodes/0] free: 11.5gb[4.9%], shards will be relocated away from this node
[2017-11-23T18:31:15,867][WARN ][o.e.c.r.a.DiskThresholdMonitor] [WuuaeiX] high disk watermark [90%] exceeded on [WuuaeiX1RimIKqB0gbnf_A][WuuaeiX][/Users/Guida/GitHub/lime/elastic-search/data/nodes/0] free: 11.5gb[4.9%], shards will be relocated away from this node
[2017-11-23T18:31:15,868][INFO ][o.e.c.r.a.DiskThresholdMonitor] [WuuaeiX] rerouting shards: [high disk watermark exceeded on one or more nodes]
[2017-11-23T18:31:45,881][WARN ][o.e.c.r.a.DiskThresholdMonitor] [WuuaeiX] high disk watermark [90%] exceeded on [WuuaeiX1RimIKqB0gbnf_A][WuuaeiX][/Users/Guida/GitHub/lime/elastic-search/data/nodes/0] free: 11.5gb[4.9%], shards will be relocated away from this node
[2017-11-23T18:32:15,889][WARN ][o.e.c.r.a.DiskThresholdMonitor] [WuuaeiX] high disk watermark [90%] exceeded on [WuuaeiX1RimIKqB0gbnf_A][WuuaeiX][/Users/Guida/GitHub/lime/elastic-search/data/nodes/0] free: 11.5gb[4.9%], shards will be relocated away from this node
[2017-11-23T18:32:15,889][INFO ][o.e.c.r.a.DiskThresholdMonitor] [WuuaeiX] rerouting shards: [high disk watermark exceeded on one or more nodes]
[2017-11-23T18:32:45,900][WARN ][o.e.c.r.a.DiskThresholdMonitor] [WuuaeiX] high disk watermark [90%] exceeded on [WuuaeiX1RimIKqB0gbnf_A][WuuaeiX][/Users/Guida/GitHub/lime/elastic-search/data/nodes/0] free: 11.5gb[4.9%], shards will be relocated away from this node
[2017-11-23T18:33:15,909][WARN ][o.e.c.r.a.DiskThresholdMonitor] [WuuaeiX] high disk watermark [90%] exceeded on [WuuaeiX1RimIKqB0gbnf_A][WuuaeiX][/Users/Guida/GitHub/lime/elastic-search/data/nodes/0] free: 11.5gb[4.9%], shards will be relocated away from this node
[2017-11-23T18:33:15,909][INFO ][o.e.c.r.a.DiskThresholdMonitor] [WuuaeiX] rerouting shards: [high disk watermark exceeded on one or more nodes]
[2017-11-23T18:33:45,920][WARN ][o.e.c.r.a.DiskThresholdMonitor] [WuuaeiX] high disk watermark [90%] exceeded on [WuuaeiX1RimIKqB0gbnf_A][WuuaeiX][/Users/Guida/GitHub/lime/elastic-search/data/nodes/0] free: 11.5gb[4.9%], shards will be relocated away from this node
[2017-11-23T18:34:15,927][WARN ][o.e.c.r.a.DiskThresholdMonitor] [WuuaeiX] high disk watermark [90%] exceeded on [WuuaeiX1RimIKqB0gbnf_A][WuuaeiX][/Users/Guida/GitHub/lime/elastic-search/data/nodes/0] free: 11.5gb[4.9%], shards will be relocated away from this node
[2017-11-23T18:34:15,927][INFO ][o.e.c.r.a.DiskThresholdMonitor] [WuuaeiX] rerouting shards: [high disk watermark exceeded on one or more nodes]
[2017-11-23T18:34:45,939][WARN ][o.e.c.r.a.DiskThresholdMonitor] [WuuaeiX] high disk watermark [90%] exceeded on [WuuaeiX1RimIKqB0gbnf_A][WuuaeiX][/Users/Guida/GitHub/lime/elastic-search/data/nodes/0] free: 11.5gb[4.9%], shards will be relocated away from this node
[2017-11-23T18:35:15,949][WARN ][o.e.c.r.a.DiskThresholdMonitor] [WuuaeiX] high disk watermark [90%] exceeded on [WuuaeiX1RimIKqB0gbnf_A][WuuaeiX][/Users/Guida/GitHub/lime/elastic-search/data/nodes/0] free: 11.5gb[4.9%], shards will be relocated away from this node
[2017-11-23T18:35:15,950][INFO ][o.e.c.r.a.DiskThresholdMonitor] [WuuaeiX] rerouting shards: [high disk watermark exceeded on one or more nodes]
[2017-11-23T18:35:45,959][WARN ][o.e.c.r.a.DiskThresholdMonitor] [WuuaeiX] high disk watermark [90%] exceeded on [WuuaeiX1RimIKqB0gbnf_A][WuuaeiX][/Users/Guida/GitHub/lime/elastic-search/data/nodes/0] free: 11.5gb[4.9%], shards will be relocated away from this node
[2017-11-23T18:36:15,968][WARN ][o.e.c.r.a.DiskThresholdMonitor] [WuuaeiX] high disk watermark [90%] exceeded on [WuuaeiX1RimIKqB0gbnf_A][WuuaeiX][/Users/Guida/GitHub/lime/elastic-search/data/nodes/0] free: 11.5gb[4.9%], shards will be relocated away from this node
[2017-11-23T18:36:15,968][INFO ][o.e.c.r.a.DiskThresholdMonitor] [WuuaeiX] rerouting shards: [high disk watermark exceeded on one or more nodes]
[2017-11-23T18:36:45,975][WARN ][o.e.c.r.a.DiskThresholdMonitor] [WuuaeiX] high disk watermark [90%] exceeded on [WuuaeiX1RimIKqB0gbnf_A][WuuaeiX][/Users/Guida/GitHub/lime/elastic-search/data/nodes/0] free: 11.5gb[4.9%], shards will be relocated away from this node
[2017-11-23T18:37:15,985][WARN ][o.e.c.r.a.DiskThresholdMonitor] [WuuaeiX] high disk watermark [90%] exceeded on [WuuaeiX1RimIKqB0gbnf_A][WuuaeiX][/Users/Guida/GitHub/lime/elastic-search/data/nodes/0] free: 11.5gb[4.9%], shards will be relocated away from this node
[2017-11-23T18:37:15,986][INFO ][o.e.c.r.a.DiskThresholdMonitor] [WuuaeiX] rerouting shards: [high disk watermark exceeded on one or more nodes]
[2017-11-23T18:37:45,997][WARN ][o.e.c.r.a.DiskThresholdMonitor] [WuuaeiX] high disk watermark [90%] exceeded on [WuuaeiX1RimIKqB0gbnf_A][WuuaeiX][/Users/Guida/GitHub/lime/elastic-search/data/nodes/0] free: 11.5gb[4.9%], shards will be relocated away from this node
[2017-11-23T18:38:16,010][WARN ][o.e.c.r.a.DiskThresholdMonitor] [WuuaeiX] high disk watermark [90%] exceeded on [WuuaeiX1RimIKqB0gbnf_A][WuuaeiX][/Users/Guida/GitHub/lime/elastic-search/data/nodes/0] free: 11.5gb[4.9%], shards will be relocated away from this node
[2017-11-23T18:38:16,010][INFO ][o.e.c.r.a.DiskThresholdMonitor] [WuuaeiX] rerouting shards: [high disk watermark exceeded on one or more nodes]
[2017-11-23T18:38:46,023][WARN ][o.e.c.r.a.DiskThresholdMonitor] [WuuaeiX] high disk watermark [90%] exceeded on [WuuaeiX1RimIKqB0gbnf_A][WuuaeiX][/Users/Guida/GitHub/lime/elastic-search/data/nodes/0] free: 11.5gb[4.9%], shards will be relocated away from this node
[2017-11-23T18:39:16,029][WARN ][o.e.c.r.a.DiskThresholdMonitor] [WuuaeiX] high disk watermark [90%] exceeded on [WuuaeiX1RimIKqB0gbnf_A][WuuaeiX][/Users/Guida/GitHub/lime/elastic-search/data/nodes/0] free: 11.5gb[4.9%], shards will be relocated away from this node
[2017-11-23T18:39:16,029][INFO ][o.e.c.r.a.DiskThresholdMonitor] [WuuaeiX] rerouting shards: [high disk watermark exceeded on one or more nodes]
[2017-11-23T18:39:46,041][WARN ][o.e.c.r.a.DiskThresholdMonitor] [WuuaeiX] high disk watermark [90%] exceeded on [WuuaeiX1RimIKqB0gbnf_A][WuuaeiX][/Users/Guida/GitHub/lime/elastic-search/data/nodes/0] free: 11.5gb[4.9%], shards will be relocated away from this node
[2017-11-23T18:40:16,049][WARN ][o.e.c.r.a.DiskThresholdMonitor] [WuuaeiX] high disk watermark [90%] exceeded on [WuuaeiX1RimIKqB0gbnf_A][WuuaeiX][/Users/Guida/GitHub/lime/elastic-search/data/nodes/0] free: 11.5gb[4.9%], shards will be relocated away from this node
[2017-11-23T18:40:16,050][INFO ][o.e.c.r.a.DiskThresholdMonitor] [WuuaeiX] rerouting shards: [high disk watermark exceeded on one or more nodes]
[2017-11-23T18:40:46,056][WARN ][o.e.c.r.a.DiskThresholdMonitor] [WuuaeiX] high disk watermark [90%] exceeded on [WuuaeiX1RimIKqB0gbnf_A][WuuaeiX][/Users/Guida/GitHub/lime/elastic-search/data/nodes/0] free: 11.5gb[4.9%], shards will be relocated away from this node
[2017-11-23T18:41:16,064][WARN ][o.e.c.r.a.DiskThresholdMonitor] [WuuaeiX] high disk watermark [90%] exceeded on [WuuaeiX1RimIKqB0gbnf_A][WuuaeiX][/Users/Guida/GitHub/lime/elastic-search/data/nodes/0] free: 11.5gb[4.9%], shards will be relocated away from this node
[2017-11-23T18:41:16,066][INFO ][o.e.c.r.a.DiskThresholdMonitor] [WuuaeiX] rerouting shards: [high disk watermark exceeded on one or more nodes]
[2017-11-23T18:41:46,073][WARN ][o.e.c.r.a.DiskThresholdMonitor] [WuuaeiX] high disk watermark [90%] exceeded on [WuuaeiX1RimIKqB0gbnf_A][WuuaeiX][/Users/Guida/GitHub/lime/elastic-search/data/nodes/0] free: 11.5gb[4.9%], shards will be relocated away from this node
[2017-11-23T18:42:16,082][WARN ][o.e.c.r.a.DiskThresholdMonitor] [WuuaeiX] high disk watermark [90%] exceeded on [WuuaeiX1RimIKqB0gbnf_A][WuuaeiX][/Users/Guida/GitHub/lime/elastic-search/data/nodes/0] free: 11.2gb[4.8%], shards will be relocated away from this node
[2017-11-23T18:42:16,083][INFO ][o.e.c.r.a.DiskThresholdMonitor] [WuuaeiX] rerouting shards: [high disk watermark exceeded on one or more nodes]
[2017-11-23T18:42:46,095][WARN ][o.e.c.r.a.DiskThresholdMonitor] [WuuaeiX] high disk watermark [90%] exceeded on [WuuaeiX1RimIKqB0gbnf_A][WuuaeiX][/Users/Guida/GitHub/lime/elastic-search/data/nodes/0] free: 11.2gb[4.8%], shards will be relocated away from this node
[2017-11-23T18:43:16,105][WARN ][o.e.c.r.a.DiskThresholdMonitor] [WuuaeiX] high disk watermark [90%] exceeded on [WuuaeiX1RimIKqB0gbnf_A][WuuaeiX][/Users/Guida/GitHub/lime/elastic-search/data/nodes/0] free: 11.2gb[4.8%], shards will be relocated away from this node
[2017-11-23T18:43:16,106][INFO ][o.e.c.r.a.DiskThresholdMonitor] [WuuaeiX] rerouting shards: [high disk watermark exceeded on one or more nodes]
[2017-11-23T18:43:46,116][WARN ][o.e.c.r.a.DiskThresholdMonitor] [WuuaeiX] high disk watermark [90%] exceeded on [WuuaeiX1RimIKqB0gbnf_A][WuuaeiX][/Users/Guida/GitHub/lime/elastic-search/data/nodes/0] free: 11.2gb[4.8%], shards will be relocated away from this node
[2017-11-23T18:44:16,122][WARN ][o.e.c.r.a.DiskThresholdMonitor] [WuuaeiX] high disk watermark [90%] exceeded on [WuuaeiX1RimIKqB0gbnf_A][WuuaeiX][/Users/Guida/GitHub/lime/elastic-search/data/nodes/0] free: 11.2gb[4.8%], shards will be relocated away from this node
[2017-11-23T18:44:16,122][INFO ][o.e.c.r.a.DiskThresholdMonitor] [WuuaeiX] rerouting shards: [high disk watermark exceeded on one or more nodes]
[2017-11-23T18:44:46,135][WARN ][o.e.c.r.a.DiskThresholdMonitor] [WuuaeiX] high disk watermark [90%] exceeded on [WuuaeiX1RimIKqB0gbnf_A][WuuaeiX][/Users/Guida/GitHub/lime/elastic-search/data/nodes/0] free: 11.2gb[4.8%], shards will be relocated away from this node
[2017-11-23T18:45:16,146][WARN ][o.e.c.r.a.DiskThresholdMonitor] [WuuaeiX] high disk watermark [90%] exceeded on [WuuaeiX1RimIKqB0gbnf_A][WuuaeiX][/Users/Guida/GitHub/lime/elastic-search/data/nodes/0] free: 11.2gb[4.8%], shards will be relocated away from this node
[2017-11-23T18:45:16,147][INFO ][o.e.c.r.a.DiskThresholdMonitor] [WuuaeiX] rerouting shards: [high disk watermark exceeded on one or more nodes]
[2017-11-23T18:45:46,155][WARN ][o.e.c.r.a.DiskThresholdMonitor] [WuuaeiX] high disk watermark [90%] exceeded on [WuuaeiX1RimIKqB0gbnf_A][WuuaeiX][/Users/Guida/GitHub/lime/elastic-search/data/nodes/0] free: 11.2gb[4.8%], shards will be relocated away from this node
[2017-11-23T18:46:16,165][WARN ][o.e.c.r.a.DiskThresholdMonitor] [WuuaeiX] high disk watermark [90%] exceeded on [WuuaeiX1RimIKqB0gbnf_A][WuuaeiX][/Users/Guida/GitHub/lime/elastic-search/data/nodes/0] free: 11.2gb[4.8%], shards will be relocated away from this node
[2017-11-23T18:46:16,165][INFO ][o.e.c.r.a.DiskThresholdMonitor] [WuuaeiX] rerouting shards: [high disk watermark exceeded on one or more nodes]
[2017-11-23T18:46:46,173][WARN ][o.e.c.r.a.DiskThresholdMonitor] [WuuaeiX] high disk watermark [90%] exceeded on [WuuaeiX1RimIKqB0gbnf_A][WuuaeiX][/Users/Guida/GitHub/lime/elastic-search/data/nodes/0] free: 11.2gb[4.8%], shards will be relocated away from this node
[2017-11-23T18:47:16,179][WARN ][o.e.c.r.a.DiskThresholdMonitor] [WuuaeiX] high disk watermark [90%] exceeded on [WuuaeiX1RimIKqB0gbnf_A][WuuaeiX][/Users/Guida/GitHub/lime/elastic-search/data/nodes/0] free: 11.2gb[4.8%], shards will be relocated away from this node
[2017-11-23T18:47:16,179][INFO ][o.e.c.r.a.DiskThresholdMonitor] [WuuaeiX] rerouting shards: [high disk watermark exceeded on one or more nodes]
[2017-11-23T18:47:46,186][WARN ][o.e.c.r.a.DiskThresholdMonitor] [WuuaeiX] high disk watermark [90%] exceeded on [WuuaeiX1RimIKqB0gbnf_A][WuuaeiX][/Users/Guida/GitHub/lime/elastic-search/data/nodes/0] free: 11.2gb[4.8%], shards will be relocated away from this node
[2017-11-23T18:48:16,195][WARN ][o.e.c.r.a.DiskThresholdMonitor] [WuuaeiX] high disk watermark [90%] exceeded on [WuuaeiX1RimIKqB0gbnf_A][WuuaeiX][/Users/Guida/GitHub/lime/elastic-search/data/nodes/0] free: 11.2gb[4.8%], shards will be relocated away from this node
[2017-11-23T18:48:16,196][INFO ][o.e.c.r.a.DiskThresholdMonitor] [WuuaeiX] rerouting shards: [high disk watermark exceeded on one or more nodes]
[2017-11-23T18:48:46,204][WARN ][o.e.c.r.a.DiskThresholdMonitor] [WuuaeiX] high disk watermark [90%] exceeded on [WuuaeiX1RimIKqB0gbnf_A][WuuaeiX][/Users/Guida/GitHub/lime/elastic-search/data/nodes/0] free: 11.2gb[4.8%], shards will be relocated away from this node
[2017-11-23T18:49:16,215][WARN ][o.e.c.r.a.DiskThresholdMonitor] [WuuaeiX] high disk watermark [90%] exceeded on [WuuaeiX1RimIKqB0gbnf_A][WuuaeiX][/Users/Guida/GitHub/lime/elastic-search/data/nodes/0] free: 11.2gb[4.8%], shards will be relocated away from this node
[2017-11-23T18:49:16,216][INFO ][o.e.c.r.a.DiskThresholdMonitor] [WuuaeiX] rerouting shards: [high disk watermark exceeded on one or more nodes]
[2017-11-23T18:49:46,229][WARN ][o.e.c.r.a.DiskThresholdMonitor] [WuuaeiX] high disk watermark [90%] exceeded on [WuuaeiX1RimIKqB0gbnf_A][WuuaeiX][/Users/Guida/GitHub/lime/elastic-search/data/nodes/0] free: 11.2gb[4.8%], shards will be relocated away from this node
[2017-11-23T18:50:16,237][WARN ][o.e.c.r.a.DiskThresholdMonitor] [WuuaeiX] high disk watermark [90%] exceeded on [WuuaeiX1RimIKqB0gbnf_A][WuuaeiX][/Users/Guida/GitHub/lime/elastic-search/data/nodes/0] free: 11.2gb[4.8%], shards will be relocated away from this node
[2017-11-23T18:50:16,238][INFO ][o.e.c.r.a.DiskThresholdMonitor] [WuuaeiX] rerouting shards: [high disk watermark exceeded on one or more nodes]
[2017-11-23T18:50:46,250][WARN ][o.e.c.r.a.DiskThresholdMonitor] [WuuaeiX] high disk watermark [90%] exceeded on [WuuaeiX1RimIKqB0gbnf_A][WuuaeiX][/Users/Guida/GitHub/lime/elastic-search/data/nodes/0] free: 11.2gb[4.8%], shards will be relocated away from this node
[2017-11-23T18:51:16,263][WARN ][o.e.c.r.a.DiskThresholdMonitor] [WuuaeiX] high disk watermark [90%] exceeded on [WuuaeiX1RimIKqB0gbnf_A][WuuaeiX][/Users/Guida/GitHub/lime/elastic-search/data/nodes/0] free: 11.2gb[4.8%], shards will be relocated away from this node
[2017-11-23T18:51:16,264][INFO ][o.e.c.r.a.DiskThresholdMonitor] [WuuaeiX] rerouting shards: [high disk watermark exceeded on one or more nodes]
[2017-11-23T18:51:46,275][WARN ][o.e.c.r.a.DiskThresholdMonitor] [WuuaeiX] high disk watermark [90%] exceeded on [WuuaeiX1RimIKqB0gbnf_A][WuuaeiX][/Users/Guida/GitHub/lime/elastic-search/data/nodes/0] free: 11.2gb[4.8%], shards will be relocated away from this node
[2017-11-23T18:52:16,286][WARN ][o.e.c.r.a.DiskThresholdMonitor] [WuuaeiX] high disk watermark [90%] exceeded on [WuuaeiX1RimIKqB0gbnf_A][WuuaeiX][/Users/Guida/GitHub/lime/elastic-search/data/nodes/0] free: 11.2gb[4.8%], shards will be relocated away from this node
[2017-11-23T18:52:16,286][INFO ][o.e.c.r.a.DiskThresholdMonitor] [WuuaeiX] rerouting shards: [high disk watermark exceeded on one or more nodes]
[2017-11-23T18:52:46,299][WARN ][o.e.c.r.a.DiskThresholdMonitor] [WuuaeiX] high disk watermark [90%] exceeded on [WuuaeiX1RimIKqB0gbnf_A][WuuaeiX][/Users/Guida/GitHub/lime/elastic-search/data/nodes/0] free: 11.2gb[4.8%], shards will be relocated away from this node
[2017-11-23T18:53:16,306][WARN ][o.e.c.r.a.DiskThresholdMonitor] [WuuaeiX] high disk watermark [90%] exceeded on [WuuaeiX1RimIKqB0gbnf_A][WuuaeiX][/Users/Guida/GitHub/lime/elastic-search/data/nodes/0] free: 11.2gb[4.8%], shards will be relocated away from this node
[2017-11-23T18:53:16,306][INFO ][o.e.c.r.a.DiskThresholdMonitor] [WuuaeiX] rerouting shards: [high disk watermark exceeded on one or more nodes]
[2017-11-23T18:53:46,315][WARN ][o.e.c.r.a.DiskThresholdMonitor] [WuuaeiX] high disk watermark [90%] exceeded on [WuuaeiX1RimIKqB0gbnf_A][WuuaeiX][/Users/Guida/GitHub/lime/elastic-search/data/nodes/0] free: 11.2gb[4.8%], shards will be relocated away from this node
[2017-11-23T18:54:16,327][WARN ][o.e.c.r.a.DiskThresholdMonitor] [WuuaeiX] high disk watermark [90%] exceeded on [WuuaeiX1RimIKqB0gbnf_A][WuuaeiX][/Users/Guida/GitHub/lime/elastic-search/data/nodes/0] free: 11.2gb[4.8%], shards will be relocated away from this node
[2017-11-23T18:54:16,327][INFO ][o.e.c.r.a.DiskThresholdMonitor] [WuuaeiX] rerouting shards: [high disk watermark exceeded on one or more nodes]
[2017-11-23T18:54:46,333][WARN ][o.e.c.r.a.DiskThresholdMonitor] [WuuaeiX] high disk watermark [90%] exceeded on [WuuaeiX1RimIKqB0gbnf_A][WuuaeiX][/Users/Guida/GitHub/lime/elastic-search/data/nodes/0] free: 11.2gb[4.8%], shards will be relocated away from this node
[2017-11-23T18:55:16,346][WARN ][o.e.c.r.a.DiskThresholdMonitor] [WuuaeiX] high disk watermark [90%] exceeded on [WuuaeiX1RimIKqB0gbnf_A][WuuaeiX][/Users/Guida/GitHub/lime/elastic-search/data/nodes/0] free: 11.2gb[4.8%], shards will be relocated away from this node
[2017-11-23T18:55:16,347][INFO ][o.e.c.r.a.DiskThresholdMonitor] [WuuaeiX] rerouting shards: [high disk watermark exceeded on one or more nodes]
[2017-11-23T18:55:46,358][WARN ][o.e.c.r.a.DiskThresholdMonitor] [WuuaeiX] high disk watermark [90%] exceeded on [WuuaeiX1RimIKqB0gbnf_A][WuuaeiX][/Users/Guida/GitHub/lime/elastic-search/data/nodes/0] free: 11.2gb[4.8%], shards will be relocated away from this node
[2017-11-23T18:56:16,368][WARN ][o.e.c.r.a.DiskThresholdMonitor] [WuuaeiX] high disk watermark [90%] exceeded on [WuuaeiX1RimIKqB0gbnf_A][WuuaeiX][/Users/Guida/GitHub/lime/elastic-search/data/nodes/0] free: 11.2gb[4.8%], shards will be relocated away from this node
[2017-11-23T18:56:16,368][INFO ][o.e.c.r.a.DiskThresholdMonitor] [WuuaeiX] rerouting shards: [high disk watermark exceeded on one or more nodes]
[2017-11-23T18:56:46,411][WARN ][o.e.c.r.a.DiskThresholdMonitor] [WuuaeiX] high disk watermark [90%] exceeded on [WuuaeiX1RimIKqB0gbnf_A][WuuaeiX][/Users/Guida/GitHub/lime/elastic-search/data/nodes/0] free: 11.2gb[4.8%], shards will be relocated away from this node
[2017-11-23T18:57:16,420][WARN ][o.e.c.r.a.DiskThresholdMonitor] [WuuaeiX] high disk watermark [90%] exceeded on [WuuaeiX1RimIKqB0gbnf_A][WuuaeiX][/Users/Guida/GitHub/lime/elastic-search/data/nodes/0] free: 11.2gb[4.8%], shards will be relocated away from this node
[2017-11-23T18:57:16,421][INFO ][o.e.c.r.a.DiskThresholdMonitor] [WuuaeiX] rerouting shards: [high disk watermark exceeded on one or more nodes]
[2017-11-23T18:57:46,428][WARN ][o.e.c.r.a.DiskThresholdMonitor] [WuuaeiX] high disk watermark [90%] exceeded on [WuuaeiX1RimIKqB0gbnf_A][WuuaeiX][/Users/Guida/GitHub/lime/elastic-search/data/nodes/0] free: 11.2gb[4.8%], shards will be relocated away from this node
[2017-11-23T18:58:16,438][WARN ][o.e.c.r.a.DiskThresholdMonitor] [WuuaeiX] high disk watermark [90%] exceeded on [WuuaeiX1RimIKqB0gbnf_A][WuuaeiX][/Users/Guida/GitHub/lime/elastic-search/data/nodes/0] free: 11.2gb[4.7%], shards will be relocated away from this node
[2017-11-23T18:58:16,438][INFO ][o.e.c.r.a.DiskThresholdMonitor] [WuuaeiX] rerouting shards: [high disk watermark exceeded on one or more nodes]
[2017-11-23T18:58:46,457][WARN ][o.e.c.r.a.DiskThresholdMonitor] [WuuaeiX] high disk watermark [90%] exceeded on [WuuaeiX1RimIKqB0gbnf_A][WuuaeiX][/Users/Guida/GitHub/lime/elastic-search/data/nodes/0] free: 11.1gb[4.7%], shards will be relocated away from this node
[2017-11-23T18:59:16,469][WARN ][o.e.c.r.a.DiskThresholdMonitor] [WuuaeiX] high disk watermark [90%] exceeded on [WuuaeiX1RimIKqB0gbnf_A][WuuaeiX][/Users/Guida/GitHub/lime/elastic-search/data/nodes/0] free: 11.1gb[4.7%], shards will be relocated away from this node
[2017-11-23T18:59:16,470][INFO ][o.e.c.r.a.DiskThresholdMonitor] [WuuaeiX] rerouting shards: [high disk watermark exceeded on one or more nodes]
[2017-11-23T18:59:46,480][WARN ][o.e.c.r.a.DiskThresholdMonitor] [WuuaeiX] high disk watermark [90%] exceeded on [WuuaeiX1RimIKqB0gbnf_A][WuuaeiX][/Users/Guida/GitHub/lime/elastic-search/data/nodes/0] free: 11.1gb[4.7%], shards will be relocated away from this node
[2017-11-23T19:00:16,487][WARN ][o.e.c.r.a.DiskThresholdMonitor] [WuuaeiX] high disk watermark [90%] exceeded on [WuuaeiX1RimIKqB0gbnf_A][WuuaeiX][/Users/Guida/GitHub/lime/elastic-search/data/nodes/0] free: 11.1gb[4.7%], shards will be relocated away from this node
[2017-11-23T19:00:16,488][INFO ][o.e.c.r.a.DiskThresholdMonitor] [WuuaeiX] rerouting shards: [high disk watermark exceeded on one or more nodes]
[2017-11-23T19:00:46,495][WARN ][o.e.c.r.a.DiskThresholdMonitor] [WuuaeiX] high disk watermark [90%] exceeded on [WuuaeiX1RimIKqB0gbnf_A][WuuaeiX][/Users/Guida/GitHub/lime/elastic-search/data/nodes/0] free: 11.1gb[4.7%], shards will be relocated away from this node
[2017-11-23T19:01:16,505][WARN ][o.e.c.r.a.DiskThresholdMonitor] [WuuaeiX] high disk watermark [90%] exceeded on [WuuaeiX1RimIKqB0gbnf_A][WuuaeiX][/Users/Guida/GitHub/lime/elastic-search/data/nodes/0] free: 11.1gb[4.7%], shards will be relocated away from this node
[2017-11-23T19:01:16,505][INFO ][o.e.c.r.a.DiskThresholdMonitor] [WuuaeiX] rerouting shards: [high disk watermark exceeded on one or more nodes]
[2017-11-23T19:01:46,511][WARN ][o.e.c.r.a.DiskThresholdMonitor] [WuuaeiX] high disk watermark [90%] exceeded on [WuuaeiX1RimIKqB0gbnf_A][WuuaeiX][/Users/Guida/GitHub/lime/elastic-search/data/nodes/0] free: 11.1gb[4.7%], shards will be relocated away from this node
[2017-11-23T19:02:16,523][WARN ][o.e.c.r.a.DiskThresholdMonitor] [WuuaeiX] high disk watermark [90%] exceeded on [WuuaeiX1RimIKqB0gbnf_A][WuuaeiX][/Users/Guida/GitHub/lime/elastic-search/data/nodes/0] free: 11.1gb[4.7%], shards will be relocated away from this node
[2017-11-23T19:02:16,523][INFO ][o.e.c.r.a.DiskThresholdMonitor] [WuuaeiX] rerouting shards: [high disk watermark exceeded on one or more nodes]
[2017-11-23T19:02:46,531][WARN ][o.e.c.r.a.DiskThresholdMonitor] [WuuaeiX] high disk watermark [90%] exceeded on [WuuaeiX1RimIKqB0gbnf_A][WuuaeiX][/Users/Guida/GitHub/lime/elastic-search/data/nodes/0] free: 11.1gb[4.7%], shards will be relocated away from this node
[2017-11-23T19:03:16,542][WARN ][o.e.c.r.a.DiskThresholdMonitor] [WuuaeiX] high disk watermark [90%] exceeded on [WuuaeiX1RimIKqB0gbnf_A][WuuaeiX][/Users/Guida/GitHub/lime/elastic-search/data/nodes/0] free: 11.1gb[4.7%], shards will be relocated away from this node
[2017-11-23T19:03:16,542][INFO ][o.e.c.r.a.DiskThresholdMonitor] [WuuaeiX] rerouting shards: [high disk watermark exceeded on one or more nodes]
[2017-11-23T19:03:46,551][WARN ][o.e.c.r.a.DiskThresholdMonitor] [WuuaeiX] high disk watermark [90%] exceeded on [WuuaeiX1RimIKqB0gbnf_A][WuuaeiX][/Users/Guida/GitHub/lime/elastic-search/data/nodes/0] free: 11.1gb[4.7%], shards will be relocated away from this node
[2017-11-23T19:04:16,563][WARN ][o.e.c.r.a.DiskThresholdMonitor] [WuuaeiX] high disk watermark [90%] exceeded on [WuuaeiX1RimIKqB0gbnf_A][WuuaeiX][/Users/Guida/GitHub/lime/elastic-search/data/nodes/0] free: 11.1gb[4.7%], shards will be relocated away from this node
[2017-11-23T19:04:16,563][INFO ][o.e.c.r.a.DiskThresholdMonitor] [WuuaeiX] rerouting shards: [high disk watermark exceeded on one or more nodes]
[2017-11-23T19:04:46,573][WARN ][o.e.c.r.a.DiskThresholdMonitor] [WuuaeiX] high disk watermark [90%] exceeded on [WuuaeiX1RimIKqB0gbnf_A][WuuaeiX][/Users/Guida/GitHub/lime/elastic-search/data/nodes/0] free: 11.1gb[4.7%], shards will be relocated away from this node
[2017-11-23T19:05:16,582][WARN ][o.e.c.r.a.DiskThresholdMonitor] [WuuaeiX] high disk watermark [90%] exceeded on [WuuaeiX1RimIKqB0gbnf_A][WuuaeiX][/Users/Guida/GitHub/lime/elastic-search/data/nodes/0] free: 11.1gb[4.7%], shards will be relocated away from this node
[2017-11-23T19:05:16,583][INFO ][o.e.c.r.a.DiskThresholdMonitor] [WuuaeiX] rerouting shards: [high disk watermark exceeded on one or more nodes]
[2017-11-23T19:05:46,595][WARN ][o.e.c.r.a.DiskThresholdMonitor] [WuuaeiX] high disk watermark [90%] exceeded on [WuuaeiX1RimIKqB0gbnf_A][WuuaeiX][/Users/Guida/GitHub/lime/elastic-search/data/nodes/0] free: 11.1gb[4.7%], shards will be relocated away from this node
[2017-11-23T19:06:16,603][WARN ][o.e.c.r.a.DiskThresholdMonitor] [WuuaeiX] high disk watermark [90%] exceeded on [WuuaeiX1RimIKqB0gbnf_A][WuuaeiX][/Users/Guida/GitHub/lime/elastic-search/data/nodes/0] free: 11.1gb[4.7%], shards will be relocated away from this node
[2017-11-23T19:06:16,603][INFO ][o.e.c.r.a.DiskThresholdMonitor] [WuuaeiX] rerouting shards: [high disk watermark exceeded on one or more nodes]
[2017-11-23T19:06:46,616][WARN ][o.e.c.r.a.DiskThresholdMonitor] [WuuaeiX] high disk watermark [90%] exceeded on [WuuaeiX1RimIKqB0gbnf_A][WuuaeiX][/Users/Guida/GitHub/lime/elastic-search/data/nodes/0] free: 11.1gb[4.7%], shards will be relocated away from this node
[2017-11-23T19:07:16,627][WARN ][o.e.c.r.a.DiskThresholdMonitor] [WuuaeiX] high disk watermark [90%] exceeded on [WuuaeiX1RimIKqB0gbnf_A][WuuaeiX][/Users/Guida/GitHub/lime/elastic-search/data/nodes/0] free: 11.1gb[4.7%], shards will be relocated away from this node
[2017-11-23T19:07:16,627][INFO ][o.e.c.r.a.DiskThresholdMonitor] [WuuaeiX] rerouting shards: [high disk watermark exceeded on one or more nodes]
[2017-11-23T19:07:46,637][WARN ][o.e.c.r.a.DiskThresholdMonitor] [WuuaeiX] high disk watermark [90%] exceeded on [WuuaeiX1RimIKqB0gbnf_A][WuuaeiX][/Users/Guida/GitHub/lime/elastic-search/data/nodes/0] free: 11.1gb[4.7%], shards will be relocated away from this node
[2017-11-23T19:07:49,683][INFO ][o.e.n.Node               ] [WuuaeiX] stopping ...
